15:53:23 INFO  : Platform repository initialization has completed.
15:53:23 INFO  : Launching XSCT server: xsct -n  -interactive /home/sam/git_workspace/contrast-adjustment-high-level-synthesis/temp_xsdb_launch_script.tcl
15:53:23 INFO  : Registering command handlers for Vitis TCF services
15:53:26 INFO  : XSCT server has started successfully.
15:53:26 INFO  : Successfully done setting XSCT server connection channel  
15:53:26 INFO  : plnx-install-location is set to ''
15:53:26 INFO  : Successfully done query RDI_DATADIR 
15:53:26 INFO  : Successfully done setting workspace for the tool. 
15:56:33 INFO  : Result from executing command 'getProjects': contrast_adjustment_pp
15:56:33 INFO  : Result from executing command 'getPlatforms': 
15:56:51 INFO  : Result from executing command 'getProjects': contrast_adjustment_pp
15:56:51 INFO  : Result from executing command 'getPlatforms': contrast_adjustment_pp|/home/sam/git_workspace/contrast-adjustment-high-level-synthesis/contrast_adjustment_pp/export/contrast_adjustment_pp/contrast_adjustment_pp.xpfm
08:34:04 INFO  : Launching XSCT server: xsct -n  -interactive /home/sam/git_workspace/contrast-adjustment-high-level-synthesis/temp_xsdb_launch_script.tcl
08:34:06 INFO  : Platform repository initialization has completed.
08:34:06 INFO  : Registering command handlers for Vitis TCF services
08:34:07 INFO  : XSCT server has started successfully.
08:34:07 INFO  : plnx-install-location is set to ''
08:34:08 INFO  : Successfully done setting XSCT server connection channel  
08:34:08 INFO  : Successfully done query RDI_DATADIR 
08:34:08 INFO  : Successfully done setting workspace for the tool. 
