
*** Running vivado
    with args -log design_1_xbar_0.vds -m64 -product Vivado -mode batch -messageDb vivado.pb -notrace -source design_1_xbar_0.tcl


****** Vivado v2021.2 (64-bit)
  **** SW Build 3367213 on Tue Oct 19 02:47:39 MDT 2021
  **** IP Build 3369179 on Thu Oct 21 08:25:16 MDT 2021
    ** Copyright 1986-2021 Xilinx, Inc. All Rights Reserved.

source design_1_xbar_0.tcl -notrace
INFO: [IP_Flow 19-234] Refreshing IP repositories
INFO: [IP_Flow 19-1700] Loaded user IP repository '/home/sam/git_workspace/contrast-adjustment-high-level-synthesis/doHist'.
INFO: [IP_Flow 19-1700] Loaded user IP repository '/home/sam/git_workspace/contrast-adjustment-high-level-synthesis/doContrastIP'.
INFO: [IP_Flow 19-2313] Loaded Vivado IP repository '/tools/Xilinx/Vivado/2021.2/data/ip'.
Command: synth_design -top design_1_xbar_0 -part xc7z010clg400-1 -mode out_of_context
Starting synth_design
Attempting to get a license for feature 'Synthesis' and/or device 'xc7z010'
INFO: [Common 17-349] Got license for feature 'Synthesis' and/or device 'xc7z010'
INFO: [Device 21-403] Loading part xc7z010clg400-1
INFO: [Synth 8-7079] Multithreading enabled for synth_design using a maximum of 4 processes.
INFO: [Synth 8-7078] Launching helper process for spawning children vivado processes
INFO: [Synth 8-7075] Helper process launched with PID 28097
---------------------------------------------------------------------------------
Starting RTL Elaboration : Time (s): cpu = 00:00:06 ; elapsed = 00:00:08 . Memory (MB): peak = 2777.984 ; gain = 0.000 ; free physical = 2311 ; free virtual = 3135
---------------------------------------------------------------------------------
INFO: [Synth 8-6157] synthesizing module 'design_1_xbar_0' [/home/sam/git_workspace/contrast-adjustment-high-level-synthesis/contrast_adjustment_vivado/contrast_adjustment_vivado.gen/sources_1/bd/design_1/ip/design_1_xbar_0/synth/design_1_xbar_0.v:59]
INFO: [Synth 8-6157] synthesizing module 'axi_crossbar_v2_1_26_axi_crossbar' [/home/sam/git_workspace/contrast-adjustment-high-level-synthesis/contrast_adjustment_vivado/contrast_adjustment_vivado.gen/sources_1/bd/design_1/ipshared/ac57/hdl/axi_crossbar_v2_1_vl_rfs.v:4884]
INFO: [Synth 8-6157] synthesizing module 'axi_crossbar_v2_1_26_crossbar' [/home/sam/git_workspace/contrast-adjustment-high-level-synthesis/contrast_adjustment_vivado/contrast_adjustment_vivado.gen/sources_1/bd/design_1/ipshared/ac57/hdl/axi_crossbar_v2_1_vl_rfs.v:2239]
INFO: [Synth 8-6157] synthesizing module 'axi_crossbar_v2_1_26_si_transactor' [/home/sam/git_workspace/contrast-adjustment-high-level-synthesis/contrast_adjustment_vivado/contrast_adjustment_vivado.gen/sources_1/bd/design_1/ipshared/ac57/hdl/axi_crossbar_v2_1_vl_rfs.v:3800]
INFO: [Synth 8-6157] synthesizing module 'axi_crossbar_v2_1_26_addr_decoder' [/home/sam/git_workspace/contrast-adjustment-high-level-synthesis/contrast_adjustment_vivado/contrast_adjustment_vivado.gen/sources_1/bd/design_1/ipshared/ac57/hdl/axi_crossbar_v2_1_vl_rfs.v:794]
INFO: [Synth 8-6157] synthesizing module 'generic_baseblocks_v2_1_0_comparator_static' [/home/sam/git_workspace/contrast-adjustment-high-level-synthesis/contrast_adjustment_vivado/contrast_adjustment_vivado.gen/sources_1/bd/design_1/ipshared/b752/hdl/generic_baseblocks_v2_1_vl_rfs.v:2133]
INFO: [Synth 8-6157] synthesizing module 'generic_baseblocks_v2_1_0_carry_and' [/home/sam/git_workspace/contrast-adjustment-high-level-synthesis/contrast_adjustment_vivado/contrast_adjustment_vivado.gen/sources_1/bd/design_1/ipshared/b752/hdl/generic_baseblocks_v2_1_vl_rfs.v:62]
INFO: [Synth 8-6155] done synthesizing module 'generic_baseblocks_v2_1_0_carry_and' (1#1) [/home/sam/git_workspace/contrast-adjustment-high-level-synthesis/contrast_adjustment_vivado/contrast_adjustment_vivado.gen/sources_1/bd/design_1/ipshared/b752/hdl/generic_baseblocks_v2_1_vl_rfs.v:62]
INFO: [Synth 8-6155] done synthesizing module 'generic_baseblocks_v2_1_0_comparator_static' (2#1) [/home/sam/git_workspace/contrast-adjustment-high-level-synthesis/contrast_adjustment_vivado/contrast_adjustment_vivado.gen/sources_1/bd/design_1/ipshared/b752/hdl/generic_baseblocks_v2_1_vl_rfs.v:2133]
INFO: [Synth 8-6157] synthesizing module 'generic_baseblocks_v2_1_0_comparator_static__parameterized0' [/home/sam/git_workspace/contrast-adjustment-high-level-synthesis/contrast_adjustment_vivado/contrast_adjustment_vivado.gen/sources_1/bd/design_1/ipshared/b752/hdl/generic_baseblocks_v2_1_vl_rfs.v:2133]
INFO: [Synth 8-6155] done synthesizing module 'generic_baseblocks_v2_1_0_comparator_static__parameterized0' (2#1) [/home/sam/git_workspace/contrast-adjustment-high-level-synthesis/contrast_adjustment_vivado/contrast_adjustment_vivado.gen/sources_1/bd/design_1/ipshared/b752/hdl/generic_baseblocks_v2_1_vl_rfs.v:2133]
INFO: [Synth 8-6157] synthesizing module 'generic_baseblocks_v2_1_0_comparator_static__parameterized1' [/home/sam/git_workspace/contrast-adjustment-high-level-synthesis/contrast_adjustment_vivado/contrast_adjustment_vivado.gen/sources_1/bd/design_1/ipshared/b752/hdl/generic_baseblocks_v2_1_vl_rfs.v:2133]
INFO: [Synth 8-6155] done synthesizing module 'generic_baseblocks_v2_1_0_comparator_static__parameterized1' (2#1) [/home/sam/git_workspace/contrast-adjustment-high-level-synthesis/contrast_adjustment_vivado/contrast_adjustment_vivado.gen/sources_1/bd/design_1/ipshared/b752/hdl/generic_baseblocks_v2_1_vl_rfs.v:2133]
INFO: [Synth 8-6157] synthesizing module 'generic_baseblocks_v2_1_0_comparator_static__parameterized2' [/home/sam/git_workspace/contrast-adjustment-high-level-synthesis/contrast_adjustment_vivado/contrast_adjustment_vivado.gen/sources_1/bd/design_1/ipshared/b752/hdl/generic_baseblocks_v2_1_vl_rfs.v:2133]
INFO: [Synth 8-6155] done synthesizing module 'generic_baseblocks_v2_1_0_comparator_static__parameterized2' (2#1) [/home/sam/git_workspace/contrast-adjustment-high-level-synthesis/contrast_adjustment_vivado/contrast_adjustment_vivado.gen/sources_1/bd/design_1/ipshared/b752/hdl/generic_baseblocks_v2_1_vl_rfs.v:2133]
INFO: [Synth 8-6157] synthesizing module 'generic_baseblocks_v2_1_0_comparator_static__parameterized3' [/home/sam/git_workspace/contrast-adjustment-high-level-synthesis/contrast_adjustment_vivado/contrast_adjustment_vivado.gen/sources_1/bd/design_1/ipshared/b752/hdl/generic_baseblocks_v2_1_vl_rfs.v:2133]
INFO: [Synth 8-6155] done synthesizing module 'generic_baseblocks_v2_1_0_comparator_static__parameterized3' (2#1) [/home/sam/git_workspace/contrast-adjustment-high-level-synthesis/contrast_adjustment_vivado/contrast_adjustment_vivado.gen/sources_1/bd/design_1/ipshared/b752/hdl/generic_baseblocks_v2_1_vl_rfs.v:2133]
INFO: [Synth 8-6155] done synthesizing module 'axi_crossbar_v2_1_26_addr_decoder' (3#1) [/home/sam/git_workspace/contrast-adjustment-high-level-synthesis/contrast_adjustment_vivado/contrast_adjustment_vivado.gen/sources_1/bd/design_1/ipshared/ac57/hdl/axi_crossbar_v2_1_vl_rfs.v:794]
INFO: [Synth 8-6157] synthesizing module 'axi_data_fifo_v2_1_24_axic_srl_fifo' [/home/sam/git_workspace/contrast-adjustment-high-level-synthesis/contrast_adjustment_vivado/contrast_adjustment_vivado.gen/sources_1/bd/design_1/ipshared/fa53/hdl/axi_data_fifo_v2_1_vl_rfs.v:698]
INFO: [Synth 8-6157] synthesizing module 'axi_data_fifo_v2_1_24_ndeep_srl' [/home/sam/git_workspace/contrast-adjustment-high-level-synthesis/contrast_adjustment_vivado/contrast_adjustment_vivado.gen/sources_1/bd/design_1/ipshared/fa53/hdl/axi_data_fifo_v2_1_vl_rfs.v:1135]
INFO: [Synth 8-6157] synthesizing module 'SRLC32E' [/tools/Xilinx/Vivado/2021.2/scripts/rt/data/unisim_comp.v:106149]
INFO: [Synth 8-6155] done synthesizing module 'SRLC32E' (4#1) [/tools/Xilinx/Vivado/2021.2/scripts/rt/data/unisim_comp.v:106149]
INFO: [Synth 8-6155] done synthesizing module 'axi_data_fifo_v2_1_24_ndeep_srl' (5#1) [/home/sam/git_workspace/contrast-adjustment-high-level-synthesis/contrast_adjustment_vivado/contrast_adjustment_vivado.gen/sources_1/bd/design_1/ipshared/fa53/hdl/axi_data_fifo_v2_1_vl_rfs.v:1135]
WARNING: [Synth 8-6014] Unused sequential element areset_d1_reg was removed.  [/home/sam/git_workspace/contrast-adjustment-high-level-synthesis/contrast_adjustment_vivado/contrast_adjustment_vivado.gen/sources_1/bd/design_1/ipshared/fa53/hdl/axi_data_fifo_v2_1_vl_rfs.v:750]
WARNING: [Synth 8-6014] Unused sequential element S_READY_i_reg was removed.  [/home/sam/git_workspace/contrast-adjustment-high-level-synthesis/contrast_adjustment_vivado/contrast_adjustment_vivado.gen/sources_1/bd/design_1/ipshared/fa53/hdl/axi_data_fifo_v2_1_vl_rfs.v:789]
INFO: [Synth 8-6155] done synthesizing module 'axi_data_fifo_v2_1_24_axic_srl_fifo' (6#1) [/home/sam/git_workspace/contrast-adjustment-high-level-synthesis/contrast_adjustment_vivado/contrast_adjustment_vivado.gen/sources_1/bd/design_1/ipshared/fa53/hdl/axi_data_fifo_v2_1_vl_rfs.v:698]
INFO: [Synth 8-6157] synthesizing module 'axi_crossbar_v2_1_26_arbiter_resp' [/home/sam/git_workspace/contrast-adjustment-high-level-synthesis/contrast_adjustment_vivado/contrast_adjustment_vivado.gen/sources_1/bd/design_1/ipshared/ac57/hdl/axi_crossbar_v2_1_vl_rfs.v:1025]
INFO: [Synth 8-6155] done synthesizing module 'axi_crossbar_v2_1_26_arbiter_resp' (7#1) [/home/sam/git_workspace/contrast-adjustment-high-level-synthesis/contrast_adjustment_vivado/contrast_adjustment_vivado.gen/sources_1/bd/design_1/ipshared/ac57/hdl/axi_crossbar_v2_1_vl_rfs.v:1025]
INFO: [Synth 8-6157] synthesizing module 'generic_baseblocks_v2_1_0_mux_enc' [/home/sam/git_workspace/contrast-adjustment-high-level-synthesis/contrast_adjustment_vivado/contrast_adjustment_vivado.gen/sources_1/bd/design_1/ipshared/b752/hdl/generic_baseblocks_v2_1_vl_rfs.v:2452]
INFO: [Synth 8-6157] synthesizing module 'MUXF7' [/tools/Xilinx/Vivado/2021.2/scripts/rt/data/unisim_comp.v:66574]
INFO: [Synth 8-6155] done synthesizing module 'MUXF7' (8#1) [/tools/Xilinx/Vivado/2021.2/scripts/rt/data/unisim_comp.v:66574]
INFO: [Synth 8-6155] done synthesizing module 'generic_baseblocks_v2_1_0_mux_enc' (9#1) [/home/sam/git_workspace/contrast-adjustment-high-level-synthesis/contrast_adjustment_vivado/contrast_adjustment_vivado.gen/sources_1/bd/design_1/ipshared/b752/hdl/generic_baseblocks_v2_1_vl_rfs.v:2452]
WARNING: [Synth 8-6014] Unused sequential element gen_multi_thread.debug_r_beat_cnt_i_reg was removed.  [/home/sam/git_workspace/contrast-adjustment-high-level-synthesis/contrast_adjustment_vivado/contrast_adjustment_vivado.gen/sources_1/bd/design_1/ipshared/ac57/hdl/axi_crossbar_v2_1_vl_rfs.v:4346]
WARNING: [Synth 8-6014] Unused sequential element gen_multi_thread.debug_r_beat_cnt_i_reg was removed.  [/home/sam/git_workspace/contrast-adjustment-high-level-synthesis/contrast_adjustment_vivado/contrast_adjustment_vivado.gen/sources_1/bd/design_1/ipshared/ac57/hdl/axi_crossbar_v2_1_vl_rfs.v:4346]
WARNING: [Synth 8-6014] Unused sequential element gen_multi_thread.debug_r_beat_cnt_i_reg was removed.  [/home/sam/git_workspace/contrast-adjustment-high-level-synthesis/contrast_adjustment_vivado/contrast_adjustment_vivado.gen/sources_1/bd/design_1/ipshared/ac57/hdl/axi_crossbar_v2_1_vl_rfs.v:4346]
WARNING: [Synth 8-6014] Unused sequential element gen_multi_thread.debug_r_beat_cnt_i_reg was removed.  [/home/sam/git_workspace/contrast-adjustment-high-level-synthesis/contrast_adjustment_vivado/contrast_adjustment_vivado.gen/sources_1/bd/design_1/ipshared/ac57/hdl/axi_crossbar_v2_1_vl_rfs.v:4346]
WARNING: [Synth 8-6014] Unused sequential element gen_multi_thread.debug_r_beat_cnt_i_reg was removed.  [/home/sam/git_workspace/contrast-adjustment-high-level-synthesis/contrast_adjustment_vivado/contrast_adjustment_vivado.gen/sources_1/bd/design_1/ipshared/ac57/hdl/axi_crossbar_v2_1_vl_rfs.v:4346]
WARNING: [Synth 8-6014] Unused sequential element gen_multi_thread.debug_r_beat_cnt_i_reg was removed.  [/home/sam/git_workspace/contrast-adjustment-high-level-synthesis/contrast_adjustment_vivado/contrast_adjustment_vivado.gen/sources_1/bd/design_1/ipshared/ac57/hdl/axi_crossbar_v2_1_vl_rfs.v:4346]
WARNING: [Synth 8-6014] Unused sequential element gen_multi_thread.debug_r_beat_cnt_i_reg was removed.  [/home/sam/git_workspace/contrast-adjustment-high-level-synthesis/contrast_adjustment_vivado/contrast_adjustment_vivado.gen/sources_1/bd/design_1/ipshared/ac57/hdl/axi_crossbar_v2_1_vl_rfs.v:4346]
WARNING: [Synth 8-6014] Unused sequential element gen_multi_thread.debug_r_beat_cnt_i_reg was removed.  [/home/sam/git_workspace/contrast-adjustment-high-level-synthesis/contrast_adjustment_vivado/contrast_adjustment_vivado.gen/sources_1/bd/design_1/ipshared/ac57/hdl/axi_crossbar_v2_1_vl_rfs.v:4346]
INFO: [Synth 8-6155] done synthesizing module 'axi_crossbar_v2_1_26_si_transactor' (10#1) [/home/sam/git_workspace/contrast-adjustment-high-level-synthesis/contrast_adjustment_vivado/contrast_adjustment_vivado.gen/sources_1/bd/design_1/ipshared/ac57/hdl/axi_crossbar_v2_1_vl_rfs.v:3800]
INFO: [Synth 8-6157] synthesizing module 'axi_crossbar_v2_1_26_si_transactor__parameterized0' [/home/sam/git_workspace/contrast-adjustment-high-level-synthesis/contrast_adjustment_vivado/contrast_adjustment_vivado.gen/sources_1/bd/design_1/ipshared/ac57/hdl/axi_crossbar_v2_1_vl_rfs.v:3800]
INFO: [Synth 8-6157] synthesizing module 'generic_baseblocks_v2_1_0_mux_enc__parameterized0' [/home/sam/git_workspace/contrast-adjustment-high-level-synthesis/contrast_adjustment_vivado/contrast_adjustment_vivado.gen/sources_1/bd/design_1/ipshared/b752/hdl/generic_baseblocks_v2_1_vl_rfs.v:2452]
INFO: [Synth 8-6155] done synthesizing module 'generic_baseblocks_v2_1_0_mux_enc__parameterized0' (10#1) [/home/sam/git_workspace/contrast-adjustment-high-level-synthesis/contrast_adjustment_vivado/contrast_adjustment_vivado.gen/sources_1/bd/design_1/ipshared/b752/hdl/generic_baseblocks_v2_1_vl_rfs.v:2452]
WARNING: [Synth 8-6014] Unused sequential element gen_multi_thread.debug_r_beat_cnt_i_reg was removed.  [/home/sam/git_workspace/contrast-adjustment-high-level-synthesis/contrast_adjustment_vivado/contrast_adjustment_vivado.gen/sources_1/bd/design_1/ipshared/ac57/hdl/axi_crossbar_v2_1_vl_rfs.v:4346]
WARNING: [Synth 8-6014] Unused sequential element gen_multi_thread.debug_r_beat_cnt_i_reg was removed.  [/home/sam/git_workspace/contrast-adjustment-high-level-synthesis/contrast_adjustment_vivado/contrast_adjustment_vivado.gen/sources_1/bd/design_1/ipshared/ac57/hdl/axi_crossbar_v2_1_vl_rfs.v:4346]
WARNING: [Synth 8-6014] Unused sequential element gen_multi_thread.debug_r_beat_cnt_i_reg was removed.  [/home/sam/git_workspace/contrast-adjustment-high-level-synthesis/contrast_adjustment_vivado/contrast_adjustment_vivado.gen/sources_1/bd/design_1/ipshared/ac57/hdl/axi_crossbar_v2_1_vl_rfs.v:4346]
WARNING: [Synth 8-6014] Unused sequential element gen_multi_thread.debug_r_beat_cnt_i_reg was removed.  [/home/sam/git_workspace/contrast-adjustment-high-level-synthesis/contrast_adjustment_vivado/contrast_adjustment_vivado.gen/sources_1/bd/design_1/ipshared/ac57/hdl/axi_crossbar_v2_1_vl_rfs.v:4346]
WARNING: [Synth 8-6014] Unused sequential element gen_multi_thread.debug_r_beat_cnt_i_reg was removed.  [/home/sam/git_workspace/contrast-adjustment-high-level-synthesis/contrast_adjustment_vivado/contrast_adjustment_vivado.gen/sources_1/bd/design_1/ipshared/ac57/hdl/axi_crossbar_v2_1_vl_rfs.v:4346]
WARNING: [Synth 8-6014] Unused sequential element gen_multi_thread.debug_r_beat_cnt_i_reg was removed.  [/home/sam/git_workspace/contrast-adjustment-high-level-synthesis/contrast_adjustment_vivado/contrast_adjustment_vivado.gen/sources_1/bd/design_1/ipshared/ac57/hdl/axi_crossbar_v2_1_vl_rfs.v:4346]
WARNING: [Synth 8-6014] Unused sequential element gen_multi_thread.debug_r_beat_cnt_i_reg was removed.  [/home/sam/git_workspace/contrast-adjustment-high-level-synthesis/contrast_adjustment_vivado/contrast_adjustment_vivado.gen/sources_1/bd/design_1/ipshared/ac57/hdl/axi_crossbar_v2_1_vl_rfs.v:4346]
WARNING: [Synth 8-6014] Unused sequential element gen_multi_thread.debug_r_beat_cnt_i_reg was removed.  [/home/sam/git_workspace/contrast-adjustment-high-level-synthesis/contrast_adjustment_vivado/contrast_adjustment_vivado.gen/sources_1/bd/design_1/ipshared/ac57/hdl/axi_crossbar_v2_1_vl_rfs.v:4346]
INFO: [Synth 8-6155] done synthesizing module 'axi_crossbar_v2_1_26_si_transactor__parameterized0' (10#1) [/home/sam/git_workspace/contrast-adjustment-high-level-synthesis/contrast_adjustment_vivado/contrast_adjustment_vivado.gen/sources_1/bd/design_1/ipshared/ac57/hdl/axi_crossbar_v2_1_vl_rfs.v:3800]
INFO: [Synth 8-6157] synthesizing module 'axi_crossbar_v2_1_26_splitter' [/home/sam/git_workspace/contrast-adjustment-high-level-synthesis/contrast_adjustment_vivado/contrast_adjustment_vivado.gen/sources_1/bd/design_1/ipshared/ac57/hdl/axi_crossbar_v2_1_vl_rfs.v:4461]
INFO: [Synth 8-6155] done synthesizing module 'axi_crossbar_v2_1_26_splitter' (11#1) [/home/sam/git_workspace/contrast-adjustment-high-level-synthesis/contrast_adjustment_vivado/contrast_adjustment_vivado.gen/sources_1/bd/design_1/ipshared/ac57/hdl/axi_crossbar_v2_1_vl_rfs.v:4461]
INFO: [Synth 8-6157] synthesizing module 'axi_crossbar_v2_1_26_wdata_router' [/home/sam/git_workspace/contrast-adjustment-high-level-synthesis/contrast_adjustment_vivado/contrast_adjustment_vivado.gen/sources_1/bd/design_1/ipshared/ac57/hdl/axi_crossbar_v2_1_vl_rfs.v:4736]
INFO: [Synth 8-6157] synthesizing module 'axi_data_fifo_v2_1_24_axic_reg_srl_fifo' [/home/sam/git_workspace/contrast-adjustment-high-level-synthesis/contrast_adjustment_vivado/contrast_adjustment_vivado.gen/sources_1/bd/design_1/ipshared/fa53/hdl/axi_data_fifo_v2_1_vl_rfs.v:889]
INFO: [Synth 8-6157] synthesizing module 'axi_data_fifo_v2_1_24_ndeep_srl__parameterized0' [/home/sam/git_workspace/contrast-adjustment-high-level-synthesis/contrast_adjustment_vivado/contrast_adjustment_vivado.gen/sources_1/bd/design_1/ipshared/fa53/hdl/axi_data_fifo_v2_1_vl_rfs.v:1135]
INFO: [Synth 8-6155] done synthesizing module 'axi_data_fifo_v2_1_24_ndeep_srl__parameterized0' (11#1) [/home/sam/git_workspace/contrast-adjustment-high-level-synthesis/contrast_adjustment_vivado/contrast_adjustment_vivado.gen/sources_1/bd/design_1/ipshared/fa53/hdl/axi_data_fifo_v2_1_vl_rfs.v:1135]
INFO: [Synth 8-155] case statement is not full and has no default [/home/sam/git_workspace/contrast-adjustment-high-level-synthesis/contrast_adjustment_vivado/contrast_adjustment_vivado.gen/sources_1/bd/design_1/ipshared/fa53/hdl/axi_data_fifo_v2_1_vl_rfs.v:986]
INFO: [Synth 8-6155] done synthesizing module 'axi_data_fifo_v2_1_24_axic_reg_srl_fifo' (12#1) [/home/sam/git_workspace/contrast-adjustment-high-level-synthesis/contrast_adjustment_vivado/contrast_adjustment_vivado.gen/sources_1/bd/design_1/ipshared/fa53/hdl/axi_data_fifo_v2_1_vl_rfs.v:889]
INFO: [Synth 8-6155] done synthesizing module 'axi_crossbar_v2_1_26_wdata_router' (13#1) [/home/sam/git_workspace/contrast-adjustment-high-level-synthesis/contrast_adjustment_vivado/contrast_adjustment_vivado.gen/sources_1/bd/design_1/ipshared/ac57/hdl/axi_crossbar_v2_1_vl_rfs.v:4736]
INFO: [Synth 8-6157] synthesizing module 'axi_crossbar_v2_1_26_si_transactor__parameterized1' [/home/sam/git_workspace/contrast-adjustment-high-level-synthesis/contrast_adjustment_vivado/contrast_adjustment_vivado.gen/sources_1/bd/design_1/ipshared/ac57/hdl/axi_crossbar_v2_1_vl_rfs.v:3800]
INFO: [Synth 8-6157] synthesizing module 'axi_crossbar_v2_1_26_addr_decoder__parameterized0' [/home/sam/git_workspace/contrast-adjustment-high-level-synthesis/contrast_adjustment_vivado/contrast_adjustment_vivado.gen/sources_1/bd/design_1/ipshared/ac57/hdl/axi_crossbar_v2_1_vl_rfs.v:794]
INFO: [Synth 8-6155] done synthesizing module 'axi_crossbar_v2_1_26_addr_decoder__parameterized0' (13#1) [/home/sam/git_workspace/contrast-adjustment-high-level-synthesis/contrast_adjustment_vivado/contrast_adjustment_vivado.gen/sources_1/bd/design_1/ipshared/ac57/hdl/axi_crossbar_v2_1_vl_rfs.v:794]
INFO: [Synth 8-6157] synthesizing module 'axi_data_fifo_v2_1_24_axic_srl_fifo__parameterized0' [/home/sam/git_workspace/contrast-adjustment-high-level-synthesis/contrast_adjustment_vivado/contrast_adjustment_vivado.gen/sources_1/bd/design_1/ipshared/fa53/hdl/axi_data_fifo_v2_1_vl_rfs.v:698]
INFO: [Synth 8-6157] synthesizing module 'axi_data_fifo_v2_1_24_ndeep_srl__parameterized1' [/home/sam/git_workspace/contrast-adjustment-high-level-synthesis/contrast_adjustment_vivado/contrast_adjustment_vivado.gen/sources_1/bd/design_1/ipshared/fa53/hdl/axi_data_fifo_v2_1_vl_rfs.v:1135]
INFO: [Synth 8-6155] done synthesizing module 'axi_data_fifo_v2_1_24_ndeep_srl__parameterized1' (13#1) [/home/sam/git_workspace/contrast-adjustment-high-level-synthesis/contrast_adjustment_vivado/contrast_adjustment_vivado.gen/sources_1/bd/design_1/ipshared/fa53/hdl/axi_data_fifo_v2_1_vl_rfs.v:1135]
WARNING: [Synth 8-6014] Unused sequential element areset_d1_reg was removed.  [/home/sam/git_workspace/contrast-adjustment-high-level-synthesis/contrast_adjustment_vivado/contrast_adjustment_vivado.gen/sources_1/bd/design_1/ipshared/fa53/hdl/axi_data_fifo_v2_1_vl_rfs.v:750]
WARNING: [Synth 8-6014] Unused sequential element S_READY_i_reg was removed.  [/home/sam/git_workspace/contrast-adjustment-high-level-synthesis/contrast_adjustment_vivado/contrast_adjustment_vivado.gen/sources_1/bd/design_1/ipshared/fa53/hdl/axi_data_fifo_v2_1_vl_rfs.v:789]
INFO: [Synth 8-6155] done synthesizing module 'axi_data_fifo_v2_1_24_axic_srl_fifo__parameterized0' (13#1) [/home/sam/git_workspace/contrast-adjustment-high-level-synthesis/contrast_adjustment_vivado/contrast_adjustment_vivado.gen/sources_1/bd/design_1/ipshared/fa53/hdl/axi_data_fifo_v2_1_vl_rfs.v:698]
WARNING: [Synth 8-6014] Unused sequential element gen_single_thread.debug_r_beat_cnt_i_reg was removed.  [/home/sam/git_workspace/contrast-adjustment-high-level-synthesis/contrast_adjustment_vivado/contrast_adjustment_vivado.gen/sources_1/bd/design_1/ipshared/ac57/hdl/axi_crossbar_v2_1_vl_rfs.v:4192]
WARNING: [Synth 8-6014] Unused sequential element gen_single_thread.active_id_reg was removed.  [/home/sam/git_workspace/contrast-adjustment-high-level-synthesis/contrast_adjustment_vivado/contrast_adjustment_vivado.gen/sources_1/bd/design_1/ipshared/ac57/hdl/axi_crossbar_v2_1_vl_rfs.v:4150]
INFO: [Synth 8-6155] done synthesizing module 'axi_crossbar_v2_1_26_si_transactor__parameterized1' (13#1) [/home/sam/git_workspace/contrast-adjustment-high-level-synthesis/contrast_adjustment_vivado/contrast_adjustment_vivado.gen/sources_1/bd/design_1/ipshared/ac57/hdl/axi_crossbar_v2_1_vl_rfs.v:3800]
INFO: [Synth 8-6157] synthesizing module 'axi_crossbar_v2_1_26_si_transactor__parameterized2' [/home/sam/git_workspace/contrast-adjustment-high-level-synthesis/contrast_adjustment_vivado/contrast_adjustment_vivado.gen/sources_1/bd/design_1/ipshared/ac57/hdl/axi_crossbar_v2_1_vl_rfs.v:3800]
WARNING: [Synth 8-6014] Unused sequential element gen_single_thread.debug_r_beat_cnt_i_reg was removed.  [/home/sam/git_workspace/contrast-adjustment-high-level-synthesis/contrast_adjustment_vivado/contrast_adjustment_vivado.gen/sources_1/bd/design_1/ipshared/ac57/hdl/axi_crossbar_v2_1_vl_rfs.v:4192]
WARNING: [Synth 8-6014] Unused sequential element gen_single_thread.active_id_reg was removed.  [/home/sam/git_workspace/contrast-adjustment-high-level-synthesis/contrast_adjustment_vivado/contrast_adjustment_vivado.gen/sources_1/bd/design_1/ipshared/ac57/hdl/axi_crossbar_v2_1_vl_rfs.v:4150]
INFO: [Synth 8-6155] done synthesizing module 'axi_crossbar_v2_1_26_si_transactor__parameterized2' (13#1) [/home/sam/git_workspace/contrast-adjustment-high-level-synthesis/contrast_adjustment_vivado/contrast_adjustment_vivado.gen/sources_1/bd/design_1/ipshared/ac57/hdl/axi_crossbar_v2_1_vl_rfs.v:3800]
INFO: [Synth 8-6157] synthesizing module 'axi_crossbar_v2_1_26_wdata_router__parameterized0' [/home/sam/git_workspace/contrast-adjustment-high-level-synthesis/contrast_adjustment_vivado/contrast_adjustment_vivado.gen/sources_1/bd/design_1/ipshared/ac57/hdl/axi_crossbar_v2_1_vl_rfs.v:4736]
INFO: [Synth 8-6157] synthesizing module 'axi_data_fifo_v2_1_24_axic_reg_srl_fifo__parameterized0' [/home/sam/git_workspace/contrast-adjustment-high-level-synthesis/contrast_adjustment_vivado/contrast_adjustment_vivado.gen/sources_1/bd/design_1/ipshared/fa53/hdl/axi_data_fifo_v2_1_vl_rfs.v:889]
INFO: [Synth 8-155] case statement is not full and has no default [/home/sam/git_workspace/contrast-adjustment-high-level-synthesis/contrast_adjustment_vivado/contrast_adjustment_vivado.gen/sources_1/bd/design_1/ipshared/fa53/hdl/axi_data_fifo_v2_1_vl_rfs.v:986]
INFO: [Synth 8-6155] done synthesizing module 'axi_data_fifo_v2_1_24_axic_reg_srl_fifo__parameterized0' (13#1) [/home/sam/git_workspace/contrast-adjustment-high-level-synthesis/contrast_adjustment_vivado/contrast_adjustment_vivado.gen/sources_1/bd/design_1/ipshared/fa53/hdl/axi_data_fifo_v2_1_vl_rfs.v:889]
INFO: [Synth 8-6155] done synthesizing module 'axi_crossbar_v2_1_26_wdata_router__parameterized0' (13#1) [/home/sam/git_workspace/contrast-adjustment-high-level-synthesis/contrast_adjustment_vivado/contrast_adjustment_vivado.gen/sources_1/bd/design_1/ipshared/ac57/hdl/axi_crossbar_v2_1_vl_rfs.v:4736]
INFO: [Synth 8-6157] synthesizing module 'axi_crossbar_v2_1_26_si_transactor__parameterized3' [/home/sam/git_workspace/contrast-adjustment-high-level-synthesis/contrast_adjustment_vivado/contrast_adjustment_vivado.gen/sources_1/bd/design_1/ipshared/ac57/hdl/axi_crossbar_v2_1_vl_rfs.v:3800]
INFO: [Synth 8-6157] synthesizing module 'axi_data_fifo_v2_1_24_axic_srl_fifo__parameterized1' [/home/sam/git_workspace/contrast-adjustment-high-level-synthesis/contrast_adjustment_vivado/contrast_adjustment_vivado.gen/sources_1/bd/design_1/ipshared/fa53/hdl/axi_data_fifo_v2_1_vl_rfs.v:698]
INFO: [Synth 8-6157] synthesizing module 'axi_data_fifo_v2_1_24_ndeep_srl__parameterized2' [/home/sam/git_workspace/contrast-adjustment-high-level-synthesis/contrast_adjustment_vivado/contrast_adjustment_vivado.gen/sources_1/bd/design_1/ipshared/fa53/hdl/axi_data_fifo_v2_1_vl_rfs.v:1135]
INFO: [Synth 8-6155] done synthesizing module 'axi_data_fifo_v2_1_24_ndeep_srl__parameterized2' (13#1) [/home/sam/git_workspace/contrast-adjustment-high-level-synthesis/contrast_adjustment_vivado/contrast_adjustment_vivado.gen/sources_1/bd/design_1/ipshared/fa53/hdl/axi_data_fifo_v2_1_vl_rfs.v:1135]
WARNING: [Synth 8-6014] Unused sequential element areset_d1_reg was removed.  [/home/sam/git_workspace/contrast-adjustment-high-level-synthesis/contrast_adjustment_vivado/contrast_adjustment_vivado.gen/sources_1/bd/design_1/ipshared/fa53/hdl/axi_data_fifo_v2_1_vl_rfs.v:750]
WARNING: [Synth 8-6014] Unused sequential element S_READY_i_reg was removed.  [/home/sam/git_workspace/contrast-adjustment-high-level-synthesis/contrast_adjustment_vivado/contrast_adjustment_vivado.gen/sources_1/bd/design_1/ipshared/fa53/hdl/axi_data_fifo_v2_1_vl_rfs.v:789]
INFO: [Synth 8-6155] done synthesizing module 'axi_data_fifo_v2_1_24_axic_srl_fifo__parameterized1' (13#1) [/home/sam/git_workspace/contrast-adjustment-high-level-synthesis/contrast_adjustment_vivado/contrast_adjustment_vivado.gen/sources_1/bd/design_1/ipshared/fa53/hdl/axi_data_fifo_v2_1_vl_rfs.v:698]
WARNING: [Synth 8-6014] Unused sequential element gen_single_thread.debug_r_beat_cnt_i_reg was removed.  [/home/sam/git_workspace/contrast-adjustment-high-level-synthesis/contrast_adjustment_vivado/contrast_adjustment_vivado.gen/sources_1/bd/design_1/ipshared/ac57/hdl/axi_crossbar_v2_1_vl_rfs.v:4192]
WARNING: [Synth 8-6014] Unused sequential element gen_single_thread.active_id_reg was removed.  [/home/sam/git_workspace/contrast-adjustment-high-level-synthesis/contrast_adjustment_vivado/contrast_adjustment_vivado.gen/sources_1/bd/design_1/ipshared/ac57/hdl/axi_crossbar_v2_1_vl_rfs.v:4150]
INFO: [Synth 8-6155] done synthesizing module 'axi_crossbar_v2_1_26_si_transactor__parameterized3' (13#1) [/home/sam/git_workspace/contrast-adjustment-high-level-synthesis/contrast_adjustment_vivado/contrast_adjustment_vivado.gen/sources_1/bd/design_1/ipshared/ac57/hdl/axi_crossbar_v2_1_vl_rfs.v:3800]
INFO: [Synth 8-6157] synthesizing module 'axi_crossbar_v2_1_26_si_transactor__parameterized4' [/home/sam/git_workspace/contrast-adjustment-high-level-synthesis/contrast_adjustment_vivado/contrast_adjustment_vivado.gen/sources_1/bd/design_1/ipshared/ac57/hdl/axi_crossbar_v2_1_vl_rfs.v:3800]
WARNING: [Synth 8-6014] Unused sequential element gen_single_thread.debug_r_beat_cnt_i_reg was removed.  [/home/sam/git_workspace/contrast-adjustment-high-level-synthesis/contrast_adjustment_vivado/contrast_adjustment_vivado.gen/sources_1/bd/design_1/ipshared/ac57/hdl/axi_crossbar_v2_1_vl_rfs.v:4192]
WARNING: [Synth 8-6014] Unused sequential element gen_single_thread.active_id_reg was removed.  [/home/sam/git_workspace/contrast-adjustment-high-level-synthesis/contrast_adjustment_vivado/contrast_adjustment_vivado.gen/sources_1/bd/design_1/ipshared/ac57/hdl/axi_crossbar_v2_1_vl_rfs.v:4150]
INFO: [Synth 8-6155] done synthesizing module 'axi_crossbar_v2_1_26_si_transactor__parameterized4' (13#1) [/home/sam/git_workspace/contrast-adjustment-high-level-synthesis/contrast_adjustment_vivado/contrast_adjustment_vivado.gen/sources_1/bd/design_1/ipshared/ac57/hdl/axi_crossbar_v2_1_vl_rfs.v:3800]
INFO: [Synth 8-6157] synthesizing module 'axi_crossbar_v2_1_26_wdata_router__parameterized1' [/home/sam/git_workspace/contrast-adjustment-high-level-synthesis/contrast_adjustment_vivado/contrast_adjustment_vivado.gen/sources_1/bd/design_1/ipshared/ac57/hdl/axi_crossbar_v2_1_vl_rfs.v:4736]
INFO: [Synth 8-6157] synthesizing module 'axi_data_fifo_v2_1_24_axic_reg_srl_fifo__parameterized1' [/home/sam/git_workspace/contrast-adjustment-high-level-synthesis/contrast_adjustment_vivado/contrast_adjustment_vivado.gen/sources_1/bd/design_1/ipshared/fa53/hdl/axi_data_fifo_v2_1_vl_rfs.v:889]
INFO: [Synth 8-155] case statement is not full and has no default [/home/sam/git_workspace/contrast-adjustment-high-level-synthesis/contrast_adjustment_vivado/contrast_adjustment_vivado.gen/sources_1/bd/design_1/ipshared/fa53/hdl/axi_data_fifo_v2_1_vl_rfs.v:986]
INFO: [Synth 8-6155] done synthesizing module 'axi_data_fifo_v2_1_24_axic_reg_srl_fifo__parameterized1' (13#1) [/home/sam/git_workspace/contrast-adjustment-high-level-synthesis/contrast_adjustment_vivado/contrast_adjustment_vivado.gen/sources_1/bd/design_1/ipshared/fa53/hdl/axi_data_fifo_v2_1_vl_rfs.v:889]
INFO: [Synth 8-6155] done synthesizing module 'axi_crossbar_v2_1_26_wdata_router__parameterized1' (13#1) [/home/sam/git_workspace/contrast-adjustment-high-level-synthesis/contrast_adjustment_vivado/contrast_adjustment_vivado.gen/sources_1/bd/design_1/ipshared/ac57/hdl/axi_crossbar_v2_1_vl_rfs.v:4736]
INFO: [Synth 8-6157] synthesizing module 'axi_crossbar_v2_1_26_addr_decoder__parameterized1' [/home/sam/git_workspace/contrast-adjustment-high-level-synthesis/contrast_adjustment_vivado/contrast_adjustment_vivado.gen/sources_1/bd/design_1/ipshared/ac57/hdl/axi_crossbar_v2_1_vl_rfs.v:794]
INFO: [Synth 8-6157] synthesizing module 'generic_baseblocks_v2_1_0_comparator_static__parameterized4' [/home/sam/git_workspace/contrast-adjustment-high-level-synthesis/contrast_adjustment_vivado/contrast_adjustment_vivado.gen/sources_1/bd/design_1/ipshared/b752/hdl/generic_baseblocks_v2_1_vl_rfs.v:2133]
INFO: [Synth 8-6155] done synthesizing module 'generic_baseblocks_v2_1_0_comparator_static__parameterized4' (13#1) [/home/sam/git_workspace/contrast-adjustment-high-level-synthesis/contrast_adjustment_vivado/contrast_adjustment_vivado.gen/sources_1/bd/design_1/ipshared/b752/hdl/generic_baseblocks_v2_1_vl_rfs.v:2133]
INFO: [Synth 8-6155] done synthesizing module 'axi_crossbar_v2_1_26_addr_decoder__parameterized1' (13#1) [/home/sam/git_workspace/contrast-adjustment-high-level-synthesis/contrast_adjustment_vivado/contrast_adjustment_vivado.gen/sources_1/bd/design_1/ipshared/ac57/hdl/axi_crossbar_v2_1_vl_rfs.v:794]
INFO: [Synth 8-6157] synthesizing module 'axi_data_fifo_v2_1_24_axic_srl_fifo__parameterized2' [/home/sam/git_workspace/contrast-adjustment-high-level-synthesis/contrast_adjustment_vivado/contrast_adjustment_vivado.gen/sources_1/bd/design_1/ipshared/fa53/hdl/axi_data_fifo_v2_1_vl_rfs.v:698]
WARNING: [Synth 8-6014] Unused sequential element areset_d1_reg was removed.  [/home/sam/git_workspace/contrast-adjustment-high-level-synthesis/contrast_adjustment_vivado/contrast_adjustment_vivado.gen/sources_1/bd/design_1/ipshared/fa53/hdl/axi_data_fifo_v2_1_vl_rfs.v:750]
WARNING: [Synth 8-6014] Unused sequential element S_READY_i_reg was removed.  [/home/sam/git_workspace/contrast-adjustment-high-level-synthesis/contrast_adjustment_vivado/contrast_adjustment_vivado.gen/sources_1/bd/design_1/ipshared/fa53/hdl/axi_data_fifo_v2_1_vl_rfs.v:789]
INFO: [Synth 8-6155] done synthesizing module 'axi_data_fifo_v2_1_24_axic_srl_fifo__parameterized2' (13#1) [/home/sam/git_workspace/contrast-adjustment-high-level-synthesis/contrast_adjustment_vivado/contrast_adjustment_vivado.gen/sources_1/bd/design_1/ipshared/fa53/hdl/axi_data_fifo_v2_1_vl_rfs.v:698]
INFO: [Synth 8-6157] synthesizing module 'axi_crossbar_v2_1_26_wdata_mux' [/home/sam/git_workspace/contrast-adjustment-high-level-synthesis/contrast_adjustment_vivado/contrast_adjustment_vivado.gen/sources_1/bd/design_1/ipshared/ac57/hdl/axi_crossbar_v2_1_vl_rfs.v:4561]
INFO: [Synth 8-6157] synthesizing module 'axi_data_fifo_v2_1_24_axic_reg_srl_fifo__parameterized2' [/home/sam/git_workspace/contrast-adjustment-high-level-synthesis/contrast_adjustment_vivado/contrast_adjustment_vivado.gen/sources_1/bd/design_1/ipshared/fa53/hdl/axi_data_fifo_v2_1_vl_rfs.v:889]
INFO: [Synth 8-155] case statement is not full and has no default [/home/sam/git_workspace/contrast-adjustment-high-level-synthesis/contrast_adjustment_vivado/contrast_adjustment_vivado.gen/sources_1/bd/design_1/ipshared/fa53/hdl/axi_data_fifo_v2_1_vl_rfs.v:986]
WARNING: [Synth 8-6014] Unused sequential element s_ready_i_reg was removed.  [/home/sam/git_workspace/contrast-adjustment-high-level-synthesis/contrast_adjustment_vivado/contrast_adjustment_vivado.gen/sources_1/bd/design_1/ipshared/fa53/hdl/axi_data_fifo_v2_1_vl_rfs.v:1038]
INFO: [Synth 8-6155] done synthesizing module 'axi_data_fifo_v2_1_24_axic_reg_srl_fifo__parameterized2' (13#1) [/home/sam/git_workspace/contrast-adjustment-high-level-synthesis/contrast_adjustment_vivado/contrast_adjustment_vivado.gen/sources_1/bd/design_1/ipshared/fa53/hdl/axi_data_fifo_v2_1_vl_rfs.v:889]
INFO: [Synth 8-6157] synthesizing module 'generic_baseblocks_v2_1_0_mux_enc__parameterized1' [/home/sam/git_workspace/contrast-adjustment-high-level-synthesis/contrast_adjustment_vivado/contrast_adjustment_vivado.gen/sources_1/bd/design_1/ipshared/b752/hdl/generic_baseblocks_v2_1_vl_rfs.v:2452]
INFO: [Synth 8-6155] done synthesizing module 'generic_baseblocks_v2_1_0_mux_enc__parameterized1' (13#1) [/home/sam/git_workspace/contrast-adjustment-high-level-synthesis/contrast_adjustment_vivado/contrast_adjustment_vivado.gen/sources_1/bd/design_1/ipshared/b752/hdl/generic_baseblocks_v2_1_vl_rfs.v:2452]
INFO: [Synth 8-6155] done synthesizing module 'axi_crossbar_v2_1_26_wdata_mux' (14#1) [/home/sam/git_workspace/contrast-adjustment-high-level-synthesis/contrast_adjustment_vivado/contrast_adjustment_vivado.gen/sources_1/bd/design_1/ipshared/ac57/hdl/axi_crossbar_v2_1_vl_rfs.v:4561]
INFO: [Synth 8-6157] synthesizing module 'axi_register_slice_v2_1_25_axi_register_slice' [/home/sam/git_workspace/contrast-adjustment-high-level-synthesis/contrast_adjustment_vivado/contrast_adjustment_vivado.gen/sources_1/bd/design_1/ipshared/e1e6/hdl/axi_register_slice_v2_1_vl_rfs.v:3726]
INFO: [Synth 8-6157] synthesizing module 'axi_infrastructure_v1_1_0_axi2vector' [/home/sam/git_workspace/contrast-adjustment-high-level-synthesis/contrast_adjustment_vivado/contrast_adjustment_vivado.gen/sources_1/bd/design_1/ipshared/ec67/hdl/axi_infrastructure_v1_1_vl_rfs.v:60]
INFO: [Synth 8-6155] done synthesizing module 'axi_infrastructure_v1_1_0_axi2vector' (15#1) [/home/sam/git_workspace/contrast-adjustment-high-level-synthesis/contrast_adjustment_vivado/contrast_adjustment_vivado.gen/sources_1/bd/design_1/ipshared/ec67/hdl/axi_infrastructure_v1_1_vl_rfs.v:60]
INFO: [Synth 8-6157] synthesizing module 'axi_infrastructure_v1_1_0_vector2axi' [/home/sam/git_workspace/contrast-adjustment-high-level-synthesis/contrast_adjustment_vivado/contrast_adjustment_vivado.gen/sources_1/bd/design_1/ipshared/ec67/hdl/axi_infrastructure_v1_1_vl_rfs.v:474]
INFO: [Synth 8-6155] done synthesizing module 'axi_infrastructure_v1_1_0_vector2axi' (16#1) [/home/sam/git_workspace/contrast-adjustment-high-level-synthesis/contrast_adjustment_vivado/contrast_adjustment_vivado.gen/sources_1/bd/design_1/ipshared/ec67/hdl/axi_infrastructure_v1_1_vl_rfs.v:474]
INFO: [Synth 8-6157] synthesizing module 'axi_register_slice_v2_1_25_axic_register_slice' [/home/sam/git_workspace/contrast-adjustment-high-level-synthesis/contrast_adjustment_vivado/contrast_adjustment_vivado.gen/sources_1/bd/design_1/ipshared/e1e6/hdl/axi_register_slice_v2_1_vl_rfs.v:1498]
INFO: [Synth 8-6155] done synthesizing module 'axi_register_slice_v2_1_25_axic_register_slice' (17#1) [/home/sam/git_workspace/contrast-adjustment-high-level-synthesis/contrast_adjustment_vivado/contrast_adjustment_vivado.gen/sources_1/bd/design_1/ipshared/e1e6/hdl/axi_register_slice_v2_1_vl_rfs.v:1498]
INFO: [Synth 8-6157] synthesizing module 'axi_register_slice_v2_1_25_axic_register_slice__parameterized0' [/home/sam/git_workspace/contrast-adjustment-high-level-synthesis/contrast_adjustment_vivado/contrast_adjustment_vivado.gen/sources_1/bd/design_1/ipshared/e1e6/hdl/axi_register_slice_v2_1_vl_rfs.v:1498]
INFO: [Synth 8-6155] done synthesizing module 'axi_register_slice_v2_1_25_axic_register_slice__parameterized0' (17#1) [/home/sam/git_workspace/contrast-adjustment-high-level-synthesis/contrast_adjustment_vivado/contrast_adjustment_vivado.gen/sources_1/bd/design_1/ipshared/e1e6/hdl/axi_register_slice_v2_1_vl_rfs.v:1498]
INFO: [Synth 8-6157] synthesizing module 'axi_register_slice_v2_1_25_axic_register_slice__parameterized1' [/home/sam/git_workspace/contrast-adjustment-high-level-synthesis/contrast_adjustment_vivado/contrast_adjustment_vivado.gen/sources_1/bd/design_1/ipshared/e1e6/hdl/axi_register_slice_v2_1_vl_rfs.v:1498]
INFO: [Synth 8-6155] done synthesizing module 'axi_register_slice_v2_1_25_axic_register_slice__parameterized1' (17#1) [/home/sam/git_workspace/contrast-adjustment-high-level-synthesis/contrast_adjustment_vivado/contrast_adjustment_vivado.gen/sources_1/bd/design_1/ipshared/e1e6/hdl/axi_register_slice_v2_1_vl_rfs.v:1498]
INFO: [Synth 8-6157] synthesizing module 'axi_register_slice_v2_1_25_axic_register_slice__parameterized2' [/home/sam/git_workspace/contrast-adjustment-high-level-synthesis/contrast_adjustment_vivado/contrast_adjustment_vivado.gen/sources_1/bd/design_1/ipshared/e1e6/hdl/axi_register_slice_v2_1_vl_rfs.v:1498]
INFO: [Synth 8-6155] done synthesizing module 'axi_register_slice_v2_1_25_axic_register_slice__parameterized2' (17#1) [/home/sam/git_workspace/contrast-adjustment-high-level-synthesis/contrast_adjustment_vivado/contrast_adjustment_vivado.gen/sources_1/bd/design_1/ipshared/e1e6/hdl/axi_register_slice_v2_1_vl_rfs.v:1498]
INFO: [Synth 8-6155] done synthesizing module 'axi_register_slice_v2_1_25_axi_register_slice' (18#1) [/home/sam/git_workspace/contrast-adjustment-high-level-synthesis/contrast_adjustment_vivado/contrast_adjustment_vivado.gen/sources_1/bd/design_1/ipshared/e1e6/hdl/axi_register_slice_v2_1_vl_rfs.v:3726]
WARNING: [Synth 8-7071] port 'aclk2x' of module 'axi_register_slice_v2_1_25_axi_register_slice' is unconnected for instance 'reg_slice_mi' [/home/sam/git_workspace/contrast-adjustment-high-level-synthesis/contrast_adjustment_vivado/contrast_adjustment_vivado.gen/sources_1/bd/design_1/ipshared/ac57/hdl/axi_crossbar_v2_1_vl_rfs.v:3122]
WARNING: [Synth 8-7023] instance 'reg_slice_mi' of module 'axi_register_slice_v2_1_25_axi_register_slice' has 93 connections declared, but only 92 given [/home/sam/git_workspace/contrast-adjustment-high-level-synthesis/contrast_adjustment_vivado/contrast_adjustment_vivado.gen/sources_1/bd/design_1/ipshared/ac57/hdl/axi_crossbar_v2_1_vl_rfs.v:3122]
WARNING: [Synth 8-7071] port 'aclk2x' of module 'axi_register_slice_v2_1_25_axi_register_slice' is unconnected for instance 'reg_slice_mi' [/home/sam/git_workspace/contrast-adjustment-high-level-synthesis/contrast_adjustment_vivado/contrast_adjustment_vivado.gen/sources_1/bd/design_1/ipshared/ac57/hdl/axi_crossbar_v2_1_vl_rfs.v:3122]
WARNING: [Synth 8-7023] instance 'reg_slice_mi' of module 'axi_register_slice_v2_1_25_axi_register_slice' has 93 connections declared, but only 92 given [/home/sam/git_workspace/contrast-adjustment-high-level-synthesis/contrast_adjustment_vivado/contrast_adjustment_vivado.gen/sources_1/bd/design_1/ipshared/ac57/hdl/axi_crossbar_v2_1_vl_rfs.v:3122]
INFO: [Synth 8-6157] synthesizing module 'axi_data_fifo_v2_1_24_axic_srl_fifo__parameterized3' [/home/sam/git_workspace/contrast-adjustment-high-level-synthesis/contrast_adjustment_vivado/contrast_adjustment_vivado.gen/sources_1/bd/design_1/ipshared/fa53/hdl/axi_data_fifo_v2_1_vl_rfs.v:698]
WARNING: [Synth 8-6014] Unused sequential element areset_d1_reg was removed.  [/home/sam/git_workspace/contrast-adjustment-high-level-synthesis/contrast_adjustment_vivado/contrast_adjustment_vivado.gen/sources_1/bd/design_1/ipshared/fa53/hdl/axi_data_fifo_v2_1_vl_rfs.v:750]
WARNING: [Synth 8-6014] Unused sequential element S_READY_i_reg was removed.  [/home/sam/git_workspace/contrast-adjustment-high-level-synthesis/contrast_adjustment_vivado/contrast_adjustment_vivado.gen/sources_1/bd/design_1/ipshared/fa53/hdl/axi_data_fifo_v2_1_vl_rfs.v:789]
INFO: [Synth 8-6155] done synthesizing module 'axi_data_fifo_v2_1_24_axic_srl_fifo__parameterized3' (18#1) [/home/sam/git_workspace/contrast-adjustment-high-level-synthesis/contrast_adjustment_vivado/contrast_adjustment_vivado.gen/sources_1/bd/design_1/ipshared/fa53/hdl/axi_data_fifo_v2_1_vl_rfs.v:698]
INFO: [Synth 8-6157] synthesizing module 'axi_crossbar_v2_1_26_wdata_mux__parameterized0' [/home/sam/git_workspace/contrast-adjustment-high-level-synthesis/contrast_adjustment_vivado/contrast_adjustment_vivado.gen/sources_1/bd/design_1/ipshared/ac57/hdl/axi_crossbar_v2_1_vl_rfs.v:4561]
INFO: [Synth 8-6157] synthesizing module 'axi_data_fifo_v2_1_24_axic_reg_srl_fifo__parameterized3' [/home/sam/git_workspace/contrast-adjustment-high-level-synthesis/contrast_adjustment_vivado/contrast_adjustment_vivado.gen/sources_1/bd/design_1/ipshared/fa53/hdl/axi_data_fifo_v2_1_vl_rfs.v:889]
INFO: [Synth 8-155] case statement is not full and has no default [/home/sam/git_workspace/contrast-adjustment-high-level-synthesis/contrast_adjustment_vivado/contrast_adjustment_vivado.gen/sources_1/bd/design_1/ipshared/fa53/hdl/axi_data_fifo_v2_1_vl_rfs.v:986]
WARNING: [Synth 8-6014] Unused sequential element s_ready_i_reg was removed.  [/home/sam/git_workspace/contrast-adjustment-high-level-synthesis/contrast_adjustment_vivado/contrast_adjustment_vivado.gen/sources_1/bd/design_1/ipshared/fa53/hdl/axi_data_fifo_v2_1_vl_rfs.v:1038]
INFO: [Synth 8-6155] done synthesizing module 'axi_data_fifo_v2_1_24_axic_reg_srl_fifo__parameterized3' (18#1) [/home/sam/git_workspace/contrast-adjustment-high-level-synthesis/contrast_adjustment_vivado/contrast_adjustment_vivado.gen/sources_1/bd/design_1/ipshared/fa53/hdl/axi_data_fifo_v2_1_vl_rfs.v:889]
INFO: [Synth 8-6155] done synthesizing module 'axi_crossbar_v2_1_26_wdata_mux__parameterized0' (18#1) [/home/sam/git_workspace/contrast-adjustment-high-level-synthesis/contrast_adjustment_vivado/contrast_adjustment_vivado.gen/sources_1/bd/design_1/ipshared/ac57/hdl/axi_crossbar_v2_1_vl_rfs.v:4561]
WARNING: [Synth 8-7071] port 'aclk2x' of module 'axi_register_slice_v2_1_25_axi_register_slice' is unconnected for instance 'reg_slice_mi' [/home/sam/git_workspace/contrast-adjustment-high-level-synthesis/contrast_adjustment_vivado/contrast_adjustment_vivado.gen/sources_1/bd/design_1/ipshared/ac57/hdl/axi_crossbar_v2_1_vl_rfs.v:3122]
WARNING: [Synth 8-7023] instance 'reg_slice_mi' of module 'axi_register_slice_v2_1_25_axi_register_slice' has 93 connections declared, but only 92 given [/home/sam/git_workspace/contrast-adjustment-high-level-synthesis/contrast_adjustment_vivado/contrast_adjustment_vivado.gen/sources_1/bd/design_1/ipshared/ac57/hdl/axi_crossbar_v2_1_vl_rfs.v:3122]
INFO: [Synth 8-6157] synthesizing module 'axi_crossbar_v2_1_26_addr_decoder__parameterized2' [/home/sam/git_workspace/contrast-adjustment-high-level-synthesis/contrast_adjustment_vivado/contrast_adjustment_vivado.gen/sources_1/bd/design_1/ipshared/ac57/hdl/axi_crossbar_v2_1_vl_rfs.v:794]
INFO: [Synth 8-6157] synthesizing module 'generic_baseblocks_v2_1_0_comparator_static__parameterized5' [/home/sam/git_workspace/contrast-adjustment-high-level-synthesis/contrast_adjustment_vivado/contrast_adjustment_vivado.gen/sources_1/bd/design_1/ipshared/b752/hdl/generic_baseblocks_v2_1_vl_rfs.v:2133]
INFO: [Synth 8-6155] done synthesizing module 'generic_baseblocks_v2_1_0_comparator_static__parameterized5' (18#1) [/home/sam/git_workspace/contrast-adjustment-high-level-synthesis/contrast_adjustment_vivado/contrast_adjustment_vivado.gen/sources_1/bd/design_1/ipshared/b752/hdl/generic_baseblocks_v2_1_vl_rfs.v:2133]
INFO: [Synth 8-6157] synthesizing module 'generic_baseblocks_v2_1_0_comparator_static__parameterized6' [/home/sam/git_workspace/contrast-adjustment-high-level-synthesis/contrast_adjustment_vivado/contrast_adjustment_vivado.gen/sources_1/bd/design_1/ipshared/b752/hdl/generic_baseblocks_v2_1_vl_rfs.v:2133]
INFO: [Synth 8-6155] done synthesizing module 'generic_baseblocks_v2_1_0_comparator_static__parameterized6' (18#1) [/home/sam/git_workspace/contrast-adjustment-high-level-synthesis/contrast_adjustment_vivado/contrast_adjustment_vivado.gen/sources_1/bd/design_1/ipshared/b752/hdl/generic_baseblocks_v2_1_vl_rfs.v:2133]
INFO: [Synth 8-6155] done synthesizing module 'axi_crossbar_v2_1_26_addr_decoder__parameterized2' (18#1) [/home/sam/git_workspace/contrast-adjustment-high-level-synthesis/contrast_adjustment_vivado/contrast_adjustment_vivado.gen/sources_1/bd/design_1/ipshared/ac57/hdl/axi_crossbar_v2_1_vl_rfs.v:794]
INFO: [Synth 8-6157] synthesizing module 'axi_crossbar_v2_1_26_addr_decoder__parameterized3' [/home/sam/git_workspace/contrast-adjustment-high-level-synthesis/contrast_adjustment_vivado/contrast_adjustment_vivado.gen/sources_1/bd/design_1/ipshared/ac57/hdl/axi_crossbar_v2_1_vl_rfs.v:794]
INFO: [Synth 8-6157] synthesizing module 'generic_baseblocks_v2_1_0_comparator_static__parameterized7' [/home/sam/git_workspace/contrast-adjustment-high-level-synthesis/contrast_adjustment_vivado/contrast_adjustment_vivado.gen/sources_1/bd/design_1/ipshared/b752/hdl/generic_baseblocks_v2_1_vl_rfs.v:2133]
INFO: [Synth 8-6155] done synthesizing module 'generic_baseblocks_v2_1_0_comparator_static__parameterized7' (18#1) [/home/sam/git_workspace/contrast-adjustment-high-level-synthesis/contrast_adjustment_vivado/contrast_adjustment_vivado.gen/sources_1/bd/design_1/ipshared/b752/hdl/generic_baseblocks_v2_1_vl_rfs.v:2133]
INFO: [Synth 8-6155] done synthesizing module 'axi_crossbar_v2_1_26_addr_decoder__parameterized3' (18#1) [/home/sam/git_workspace/contrast-adjustment-high-level-synthesis/contrast_adjustment_vivado/contrast_adjustment_vivado.gen/sources_1/bd/design_1/ipshared/ac57/hdl/axi_crossbar_v2_1_vl_rfs.v:794]
INFO: [Synth 8-6157] synthesizing module 'axi_crossbar_v2_1_26_wdata_mux__parameterized1' [/home/sam/git_workspace/contrast-adjustment-high-level-synthesis/contrast_adjustment_vivado/contrast_adjustment_vivado.gen/sources_1/bd/design_1/ipshared/ac57/hdl/axi_crossbar_v2_1_vl_rfs.v:4561]
INFO: [Synth 8-6157] synthesizing module 'axi_data_fifo_v2_1_24_axic_reg_srl_fifo__parameterized4' [/home/sam/git_workspace/contrast-adjustment-high-level-synthesis/contrast_adjustment_vivado/contrast_adjustment_vivado.gen/sources_1/bd/design_1/ipshared/fa53/hdl/axi_data_fifo_v2_1_vl_rfs.v:889]
INFO: [Synth 8-155] case statement is not full and has no default [/home/sam/git_workspace/contrast-adjustment-high-level-synthesis/contrast_adjustment_vivado/contrast_adjustment_vivado.gen/sources_1/bd/design_1/ipshared/fa53/hdl/axi_data_fifo_v2_1_vl_rfs.v:986]
WARNING: [Synth 8-6014] Unused sequential element s_ready_i_reg was removed.  [/home/sam/git_workspace/contrast-adjustment-high-level-synthesis/contrast_adjustment_vivado/contrast_adjustment_vivado.gen/sources_1/bd/design_1/ipshared/fa53/hdl/axi_data_fifo_v2_1_vl_rfs.v:1038]
INFO: [Synth 8-6155] done synthesizing module 'axi_data_fifo_v2_1_24_axic_reg_srl_fifo__parameterized4' (18#1) [/home/sam/git_workspace/contrast-adjustment-high-level-synthesis/contrast_adjustment_vivado/contrast_adjustment_vivado.gen/sources_1/bd/design_1/ipshared/fa53/hdl/axi_data_fifo_v2_1_vl_rfs.v:889]
INFO: [Synth 8-6155] done synthesizing module 'axi_crossbar_v2_1_26_wdata_mux__parameterized1' (18#1) [/home/sam/git_workspace/contrast-adjustment-high-level-synthesis/contrast_adjustment_vivado/contrast_adjustment_vivado.gen/sources_1/bd/design_1/ipshared/ac57/hdl/axi_crossbar_v2_1_vl_rfs.v:4561]
WARNING: [Synth 8-7071] port 'aclk2x' of module 'axi_register_slice_v2_1_25_axi_register_slice' is unconnected for instance 'reg_slice_mi' [/home/sam/git_workspace/contrast-adjustment-high-level-synthesis/contrast_adjustment_vivado/contrast_adjustment_vivado.gen/sources_1/bd/design_1/ipshared/ac57/hdl/axi_crossbar_v2_1_vl_rfs.v:3122]
WARNING: [Synth 8-7023] instance 'reg_slice_mi' of module 'axi_register_slice_v2_1_25_axi_register_slice' has 93 connections declared, but only 92 given [/home/sam/git_workspace/contrast-adjustment-high-level-synthesis/contrast_adjustment_vivado/contrast_adjustment_vivado.gen/sources_1/bd/design_1/ipshared/ac57/hdl/axi_crossbar_v2_1_vl_rfs.v:3122]
WARNING: [Synth 8-7071] port 'aclk2x' of module 'axi_register_slice_v2_1_25_axi_register_slice' is unconnected for instance 'reg_slice_mi' [/home/sam/git_workspace/contrast-adjustment-high-level-synthesis/contrast_adjustment_vivado/contrast_adjustment_vivado.gen/sources_1/bd/design_1/ipshared/ac57/hdl/axi_crossbar_v2_1_vl_rfs.v:3122]
WARNING: [Synth 8-7023] instance 'reg_slice_mi' of module 'axi_register_slice_v2_1_25_axi_register_slice' has 93 connections declared, but only 92 given [/home/sam/git_workspace/contrast-adjustment-high-level-synthesis/contrast_adjustment_vivado/contrast_adjustment_vivado.gen/sources_1/bd/design_1/ipshared/ac57/hdl/axi_crossbar_v2_1_vl_rfs.v:3122]
INFO: [Synth 8-6157] synthesizing module 'axi_crossbar_v2_1_26_addr_decoder__parameterized4' [/home/sam/git_workspace/contrast-adjustment-high-level-synthesis/contrast_adjustment_vivado/contrast_adjustment_vivado.gen/sources_1/bd/design_1/ipshared/ac57/hdl/axi_crossbar_v2_1_vl_rfs.v:794]
INFO: [Synth 8-6155] done synthesizing module 'axi_crossbar_v2_1_26_addr_decoder__parameterized4' (18#1) [/home/sam/git_workspace/contrast-adjustment-high-level-synthesis/contrast_adjustment_vivado/contrast_adjustment_vivado.gen/sources_1/bd/design_1/ipshared/ac57/hdl/axi_crossbar_v2_1_vl_rfs.v:794]
INFO: [Synth 8-6157] synthesizing module 'axi_data_fifo_v2_1_24_axic_srl_fifo__parameterized4' [/home/sam/git_workspace/contrast-adjustment-high-level-synthesis/contrast_adjustment_vivado/contrast_adjustment_vivado.gen/sources_1/bd/design_1/ipshared/fa53/hdl/axi_data_fifo_v2_1_vl_rfs.v:698]
WARNING: [Synth 8-6014] Unused sequential element areset_d1_reg was removed.  [/home/sam/git_workspace/contrast-adjustment-high-level-synthesis/contrast_adjustment_vivado/contrast_adjustment_vivado.gen/sources_1/bd/design_1/ipshared/fa53/hdl/axi_data_fifo_v2_1_vl_rfs.v:750]
WARNING: [Synth 8-6014] Unused sequential element S_READY_i_reg was removed.  [/home/sam/git_workspace/contrast-adjustment-high-level-synthesis/contrast_adjustment_vivado/contrast_adjustment_vivado.gen/sources_1/bd/design_1/ipshared/fa53/hdl/axi_data_fifo_v2_1_vl_rfs.v:789]
INFO: [Synth 8-6155] done synthesizing module 'axi_data_fifo_v2_1_24_axic_srl_fifo__parameterized4' (18#1) [/home/sam/git_workspace/contrast-adjustment-high-level-synthesis/contrast_adjustment_vivado/contrast_adjustment_vivado.gen/sources_1/bd/design_1/ipshared/fa53/hdl/axi_data_fifo_v2_1_vl_rfs.v:698]
INFO: [Synth 8-6157] synthesizing module 'axi_crossbar_v2_1_26_wdata_mux__parameterized2' [/home/sam/git_workspace/contrast-adjustment-high-level-synthesis/contrast_adjustment_vivado/contrast_adjustment_vivado.gen/sources_1/bd/design_1/ipshared/ac57/hdl/axi_crossbar_v2_1_vl_rfs.v:4561]
INFO: [Synth 8-6157] synthesizing module 'axi_data_fifo_v2_1_24_axic_reg_srl_fifo__parameterized5' [/home/sam/git_workspace/contrast-adjustment-high-level-synthesis/contrast_adjustment_vivado/contrast_adjustment_vivado.gen/sources_1/bd/design_1/ipshared/fa53/hdl/axi_data_fifo_v2_1_vl_rfs.v:889]
INFO: [Synth 8-155] case statement is not full and has no default [/home/sam/git_workspace/contrast-adjustment-high-level-synthesis/contrast_adjustment_vivado/contrast_adjustment_vivado.gen/sources_1/bd/design_1/ipshared/fa53/hdl/axi_data_fifo_v2_1_vl_rfs.v:986]
WARNING: [Synth 8-6014] Unused sequential element s_ready_i_reg was removed.  [/home/sam/git_workspace/contrast-adjustment-high-level-synthesis/contrast_adjustment_vivado/contrast_adjustment_vivado.gen/sources_1/bd/design_1/ipshared/fa53/hdl/axi_data_fifo_v2_1_vl_rfs.v:1038]
INFO: [Synth 8-6155] done synthesizing module 'axi_data_fifo_v2_1_24_axic_reg_srl_fifo__parameterized5' (18#1) [/home/sam/git_workspace/contrast-adjustment-high-level-synthesis/contrast_adjustment_vivado/contrast_adjustment_vivado.gen/sources_1/bd/design_1/ipshared/fa53/hdl/axi_data_fifo_v2_1_vl_rfs.v:889]
INFO: [Synth 8-6155] done synthesizing module 'axi_crossbar_v2_1_26_wdata_mux__parameterized2' (18#1) [/home/sam/git_workspace/contrast-adjustment-high-level-synthesis/contrast_adjustment_vivado/contrast_adjustment_vivado.gen/sources_1/bd/design_1/ipshared/ac57/hdl/axi_crossbar_v2_1_vl_rfs.v:4561]
WARNING: [Synth 8-7071] port 'aclk2x' of module 'axi_register_slice_v2_1_25_axi_register_slice' is unconnected for instance 'reg_slice_mi' [/home/sam/git_workspace/contrast-adjustment-high-level-synthesis/contrast_adjustment_vivado/contrast_adjustment_vivado.gen/sources_1/bd/design_1/ipshared/ac57/hdl/axi_crossbar_v2_1_vl_rfs.v:3122]
WARNING: [Synth 8-7023] instance 'reg_slice_mi' of module 'axi_register_slice_v2_1_25_axi_register_slice' has 93 connections declared, but only 92 given [/home/sam/git_workspace/contrast-adjustment-high-level-synthesis/contrast_adjustment_vivado/contrast_adjustment_vivado.gen/sources_1/bd/design_1/ipshared/ac57/hdl/axi_crossbar_v2_1_vl_rfs.v:3122]
INFO: [Synth 8-6157] synthesizing module 'axi_crossbar_v2_1_26_decerr_slave' [/home/sam/git_workspace/contrast-adjustment-high-level-synthesis/contrast_adjustment_vivado/contrast_adjustment_vivado.gen/sources_1/bd/design_1/ipshared/ac57/hdl/axi_crossbar_v2_1_vl_rfs.v:3501]
INFO: [Synth 8-155] case statement is not full and has no default [/home/sam/git_workspace/contrast-adjustment-high-level-synthesis/contrast_adjustment_vivado/contrast_adjustment_vivado.gen/sources_1/bd/design_1/ipshared/ac57/hdl/axi_crossbar_v2_1_vl_rfs.v:3633]
INFO: [Synth 8-6155] done synthesizing module 'axi_crossbar_v2_1_26_decerr_slave' (19#1) [/home/sam/git_workspace/contrast-adjustment-high-level-synthesis/contrast_adjustment_vivado/contrast_adjustment_vivado.gen/sources_1/bd/design_1/ipshared/ac57/hdl/axi_crossbar_v2_1_vl_rfs.v:3501]
INFO: [Synth 8-6157] synthesizing module 'axi_crossbar_v2_1_26_addr_arbiter' [/home/sam/git_workspace/contrast-adjustment-high-level-synthesis/contrast_adjustment_vivado/contrast_adjustment_vivado.gen/sources_1/bd/design_1/ipshared/ac57/hdl/axi_crossbar_v2_1_vl_rfs.v:423]
INFO: [Synth 8-6157] synthesizing module 'generic_baseblocks_v2_1_0_mux_enc__parameterized2' [/home/sam/git_workspace/contrast-adjustment-high-level-synthesis/contrast_adjustment_vivado/contrast_adjustment_vivado.gen/sources_1/bd/design_1/ipshared/b752/hdl/generic_baseblocks_v2_1_vl_rfs.v:2452]
INFO: [Synth 8-6155] done synthesizing module 'generic_baseblocks_v2_1_0_mux_enc__parameterized2' (19#1) [/home/sam/git_workspace/contrast-adjustment-high-level-synthesis/contrast_adjustment_vivado/contrast_adjustment_vivado.gen/sources_1/bd/design_1/ipshared/b752/hdl/generic_baseblocks_v2_1_vl_rfs.v:2452]
INFO: [Synth 8-6157] synthesizing module 'generic_baseblocks_v2_1_0_mux_enc__parameterized3' [/home/sam/git_workspace/contrast-adjustment-high-level-synthesis/contrast_adjustment_vivado/contrast_adjustment_vivado.gen/sources_1/bd/design_1/ipshared/b752/hdl/generic_baseblocks_v2_1_vl_rfs.v:2452]
INFO: [Synth 8-6155] done synthesizing module 'generic_baseblocks_v2_1_0_mux_enc__parameterized3' (19#1) [/home/sam/git_workspace/contrast-adjustment-high-level-synthesis/contrast_adjustment_vivado/contrast_adjustment_vivado.gen/sources_1/bd/design_1/ipshared/b752/hdl/generic_baseblocks_v2_1_vl_rfs.v:2452]
INFO: [Synth 8-6155] done synthesizing module 'axi_crossbar_v2_1_26_addr_arbiter' (20#1) [/home/sam/git_workspace/contrast-adjustment-high-level-synthesis/contrast_adjustment_vivado/contrast_adjustment_vivado.gen/sources_1/bd/design_1/ipshared/ac57/hdl/axi_crossbar_v2_1_vl_rfs.v:423]
WARNING: [Synth 8-6014] Unused sequential element gen_master_slots[0].gen_mi_write.gen_debug_w.debug_w_beat_cnt_i_reg was removed.  [/home/sam/git_workspace/contrast-adjustment-high-level-synthesis/contrast_adjustment_vivado/contrast_adjustment_vivado.gen/sources_1/bd/design_1/ipshared/ac57/hdl/axi_crossbar_v2_1_vl_rfs.v:2997]
WARNING: [Synth 8-6014] Unused sequential element gen_master_slots[1].gen_mi_write.gen_debug_w.debug_w_beat_cnt_i_reg was removed.  [/home/sam/git_workspace/contrast-adjustment-high-level-synthesis/contrast_adjustment_vivado/contrast_adjustment_vivado.gen/sources_1/bd/design_1/ipshared/ac57/hdl/axi_crossbar_v2_1_vl_rfs.v:2997]
WARNING: [Synth 8-6014] Unused sequential element gen_master_slots[2].gen_mi_write.gen_debug_w.debug_w_beat_cnt_i_reg was removed.  [/home/sam/git_workspace/contrast-adjustment-high-level-synthesis/contrast_adjustment_vivado/contrast_adjustment_vivado.gen/sources_1/bd/design_1/ipshared/ac57/hdl/axi_crossbar_v2_1_vl_rfs.v:2997]
WARNING: [Synth 8-6014] Unused sequential element gen_master_slots[3].gen_mi_write.gen_debug_w.debug_w_beat_cnt_i_reg was removed.  [/home/sam/git_workspace/contrast-adjustment-high-level-synthesis/contrast_adjustment_vivado/contrast_adjustment_vivado.gen/sources_1/bd/design_1/ipshared/ac57/hdl/axi_crossbar_v2_1_vl_rfs.v:2997]
WARNING: [Synth 8-6014] Unused sequential element gen_master_slots[4].gen_mi_write.gen_debug_w.debug_w_beat_cnt_i_reg was removed.  [/home/sam/git_workspace/contrast-adjustment-high-level-synthesis/contrast_adjustment_vivado/contrast_adjustment_vivado.gen/sources_1/bd/design_1/ipshared/ac57/hdl/axi_crossbar_v2_1_vl_rfs.v:2997]
WARNING: [Synth 8-6014] Unused sequential element gen_master_slots[5].gen_mi_write.gen_debug_w.debug_w_beat_cnt_i_reg was removed.  [/home/sam/git_workspace/contrast-adjustment-high-level-synthesis/contrast_adjustment_vivado/contrast_adjustment_vivado.gen/sources_1/bd/design_1/ipshared/ac57/hdl/axi_crossbar_v2_1_vl_rfs.v:2997]
INFO: [Synth 8-6155] done synthesizing module 'axi_crossbar_v2_1_26_crossbar' (21#1) [/home/sam/git_workspace/contrast-adjustment-high-level-synthesis/contrast_adjustment_vivado/contrast_adjustment_vivado.gen/sources_1/bd/design_1/ipshared/ac57/hdl/axi_crossbar_v2_1_vl_rfs.v:2239]
INFO: [Synth 8-6155] done synthesizing module 'axi_crossbar_v2_1_26_axi_crossbar' (22#1) [/home/sam/git_workspace/contrast-adjustment-high-level-synthesis/contrast_adjustment_vivado/contrast_adjustment_vivado.gen/sources_1/bd/design_1/ipshared/ac57/hdl/axi_crossbar_v2_1_vl_rfs.v:4884]
INFO: [Synth 8-6155] done synthesizing module 'design_1_xbar_0' (23#1) [/home/sam/git_workspace/contrast-adjustment-high-level-synthesis/contrast_adjustment_vivado/contrast_adjustment_vivado.gen/sources_1/bd/design_1/ip/design_1_xbar_0/synth/design_1_xbar_0.v:59]
WARNING: [Synth 8-7129] Port ACLK in module axi_register_slice_v2_1_25_axic_register_slice is either unconnected or has no load
WARNING: [Synth 8-7129] Port ARESET in module axi_register_slice_v2_1_25_axic_register_slice is either unconnected or has no load
WARNING: [Synth 8-7129] Port ACLK in module axi_register_slice_v2_1_25_axic_register_slice__parameterized0 is either unconnected or has no load
WARNING: [Synth 8-7129] Port ARESET in module axi_register_slice_v2_1_25_axic_register_slice__parameterized0 is either unconnected or has no load
WARNING: [Synth 8-7129] Port m_axi_buser[0] in module axi_infrastructure_v1_1_0_vector2axi is either unconnected or has no load
WARNING: [Synth 8-7129] Port m_axi_ruser[0] in module axi_infrastructure_v1_1_0_vector2axi is either unconnected or has no load
WARNING: [Synth 8-7129] Port s_axi_awuser[0] in module axi_infrastructure_v1_1_0_axi2vector is either unconnected or has no load
WARNING: [Synth 8-7129] Port s_axi_wid[13] in module axi_infrastructure_v1_1_0_axi2vector is either unconnected or has no load
WARNING: [Synth 8-7129] Port s_axi_wid[12] in module axi_infrastructure_v1_1_0_axi2vector is either unconnected or has no load
WARNING: [Synth 8-7129] Port s_axi_wid[11] in module axi_infrastructure_v1_1_0_axi2vector is either unconnected or has no load
WARNING: [Synth 8-7129] Port s_axi_wid[10] in module axi_infrastructure_v1_1_0_axi2vector is either unconnected or has no load
WARNING: [Synth 8-7129] Port s_axi_wid[9] in module axi_infrastructure_v1_1_0_axi2vector is either unconnected or has no load
WARNING: [Synth 8-7129] Port s_axi_wid[8] in module axi_infrastructure_v1_1_0_axi2vector is either unconnected or has no load
WARNING: [Synth 8-7129] Port s_axi_wid[7] in module axi_infrastructure_v1_1_0_axi2vector is either unconnected or has no load
WARNING: [Synth 8-7129] Port s_axi_wid[6] in module axi_infrastructure_v1_1_0_axi2vector is either unconnected or has no load
WARNING: [Synth 8-7129] Port s_axi_wid[5] in module axi_infrastructure_v1_1_0_axi2vector is either unconnected or has no load
WARNING: [Synth 8-7129] Port s_axi_wid[4] in module axi_infrastructure_v1_1_0_axi2vector is either unconnected or has no load
WARNING: [Synth 8-7129] Port s_axi_wid[3] in module axi_infrastructure_v1_1_0_axi2vector is either unconnected or has no load
WARNING: [Synth 8-7129] Port s_axi_wid[2] in module axi_infrastructure_v1_1_0_axi2vector is either unconnected or has no load
WARNING: [Synth 8-7129] Port s_axi_wid[1] in module axi_infrastructure_v1_1_0_axi2vector is either unconnected or has no load
WARNING: [Synth 8-7129] Port s_axi_wid[0] in module axi_infrastructure_v1_1_0_axi2vector is either unconnected or has no load
WARNING: [Synth 8-7129] Port s_axi_wuser[0] in module axi_infrastructure_v1_1_0_axi2vector is either unconnected or has no load
WARNING: [Synth 8-7129] Port s_axi_aruser[0] in module axi_infrastructure_v1_1_0_axi2vector is either unconnected or has no load
WARNING: [Synth 8-7129] Port aclk2x in module axi_register_slice_v2_1_25_axi_register_slice is either unconnected or has no load
WARNING: [Synth 8-7129] Port ADDR[1] in module axi_crossbar_v2_1_26_addr_decoder__parameterized0 is either unconnected or has no load
WARNING: [Synth 8-7129] Port ADDR[0] in module axi_crossbar_v2_1_26_addr_decoder__parameterized0 is either unconnected or has no load
WARNING: [Synth 8-7129] Port S_ABURST[1] in module axi_crossbar_v2_1_26_si_transactor__parameterized4 is either unconnected or has no load
WARNING: [Synth 8-7129] Port S_ABURST[0] in module axi_crossbar_v2_1_26_si_transactor__parameterized4 is either unconnected or has no load
WARNING: [Synth 8-7129] Port S_ABURST[1] in module axi_crossbar_v2_1_26_si_transactor__parameterized3 is either unconnected or has no load
WARNING: [Synth 8-7129] Port S_ABURST[0] in module axi_crossbar_v2_1_26_si_transactor__parameterized3 is either unconnected or has no load
WARNING: [Synth 8-7129] Port S_ABURST[1] in module axi_crossbar_v2_1_26_si_transactor__parameterized2 is either unconnected or has no load
WARNING: [Synth 8-7129] Port S_ABURST[0] in module axi_crossbar_v2_1_26_si_transactor__parameterized2 is either unconnected or has no load
WARNING: [Synth 8-7129] Port S_ABURST[1] in module axi_crossbar_v2_1_26_si_transactor__parameterized1 is either unconnected or has no load
WARNING: [Synth 8-7129] Port S_ABURST[0] in module axi_crossbar_v2_1_26_si_transactor__parameterized1 is either unconnected or has no load
WARNING: [Synth 8-7129] Port ADDR[1] in module axi_crossbar_v2_1_26_addr_decoder is either unconnected or has no load
WARNING: [Synth 8-7129] Port ADDR[0] in module axi_crossbar_v2_1_26_addr_decoder is either unconnected or has no load
WARNING: [Synth 8-7129] Port S_ABURST[1] in module axi_crossbar_v2_1_26_si_transactor__parameterized0 is either unconnected or has no load
WARNING: [Synth 8-7129] Port S_ABURST[0] in module axi_crossbar_v2_1_26_si_transactor__parameterized0 is either unconnected or has no load
WARNING: [Synth 8-7129] Port S_ABURST[1] in module axi_crossbar_v2_1_26_si_transactor is either unconnected or has no load
WARNING: [Synth 8-7129] Port S_ABURST[0] in module axi_crossbar_v2_1_26_si_transactor is either unconnected or has no load
WARNING: [Synth 8-7129] Port S_AXI_AWID[55] in module axi_crossbar_v2_1_26_crossbar is either unconnected or has no load
WARNING: [Synth 8-7129] Port S_AXI_AWID[54] in module axi_crossbar_v2_1_26_crossbar is either unconnected or has no load
WARNING: [Synth 8-7129] Port S_AXI_AWID[53] in module axi_crossbar_v2_1_26_crossbar is either unconnected or has no load
WARNING: [Synth 8-7129] Port S_AXI_AWID[52] in module axi_crossbar_v2_1_26_crossbar is either unconnected or has no load
WARNING: [Synth 8-7129] Port S_AXI_AWID[51] in module axi_crossbar_v2_1_26_crossbar is either unconnected or has no load
WARNING: [Synth 8-7129] Port S_AXI_AWID[50] in module axi_crossbar_v2_1_26_crossbar is either unconnected or has no load
WARNING: [Synth 8-7129] Port S_AXI_AWID[49] in module axi_crossbar_v2_1_26_crossbar is either unconnected or has no load
WARNING: [Synth 8-7129] Port S_AXI_AWID[48] in module axi_crossbar_v2_1_26_crossbar is either unconnected or has no load
WARNING: [Synth 8-7129] Port S_AXI_AWID[47] in module axi_crossbar_v2_1_26_crossbar is either unconnected or has no load
WARNING: [Synth 8-7129] Port S_AXI_AWID[46] in module axi_crossbar_v2_1_26_crossbar is either unconnected or has no load
WARNING: [Synth 8-7129] Port S_AXI_AWID[45] in module axi_crossbar_v2_1_26_crossbar is either unconnected or has no load
WARNING: [Synth 8-7129] Port S_AXI_AWID[44] in module axi_crossbar_v2_1_26_crossbar is either unconnected or has no load
WARNING: [Synth 8-7129] Port S_AXI_AWID[43] in module axi_crossbar_v2_1_26_crossbar is either unconnected or has no load
WARNING: [Synth 8-7129] Port S_AXI_AWID[42] in module axi_crossbar_v2_1_26_crossbar is either unconnected or has no load
WARNING: [Synth 8-7129] Port S_AXI_AWID[41] in module axi_crossbar_v2_1_26_crossbar is either unconnected or has no load
WARNING: [Synth 8-7129] Port S_AXI_AWID[40] in module axi_crossbar_v2_1_26_crossbar is either unconnected or has no load
WARNING: [Synth 8-7129] Port S_AXI_AWID[39] in module axi_crossbar_v2_1_26_crossbar is either unconnected or has no load
WARNING: [Synth 8-7129] Port S_AXI_AWID[38] in module axi_crossbar_v2_1_26_crossbar is either unconnected or has no load
WARNING: [Synth 8-7129] Port S_AXI_AWID[37] in module axi_crossbar_v2_1_26_crossbar is either unconnected or has no load
WARNING: [Synth 8-7129] Port S_AXI_AWID[36] in module axi_crossbar_v2_1_26_crossbar is either unconnected or has no load
WARNING: [Synth 8-7129] Port S_AXI_AWID[35] in module axi_crossbar_v2_1_26_crossbar is either unconnected or has no load
WARNING: [Synth 8-7129] Port S_AXI_AWID[34] in module axi_crossbar_v2_1_26_crossbar is either unconnected or has no load
WARNING: [Synth 8-7129] Port S_AXI_AWID[33] in module axi_crossbar_v2_1_26_crossbar is either unconnected or has no load
WARNING: [Synth 8-7129] Port S_AXI_AWID[32] in module axi_crossbar_v2_1_26_crossbar is either unconnected or has no load
WARNING: [Synth 8-7129] Port S_AXI_AWID[31] in module axi_crossbar_v2_1_26_crossbar is either unconnected or has no load
WARNING: [Synth 8-7129] Port S_AXI_AWID[30] in module axi_crossbar_v2_1_26_crossbar is either unconnected or has no load
WARNING: [Synth 8-7129] Port S_AXI_AWID[29] in module axi_crossbar_v2_1_26_crossbar is either unconnected or has no load
WARNING: [Synth 8-7129] Port S_AXI_AWID[28] in module axi_crossbar_v2_1_26_crossbar is either unconnected or has no load
WARNING: [Synth 8-7129] Port S_AXI_AWID[27] in module axi_crossbar_v2_1_26_crossbar is either unconnected or has no load
WARNING: [Synth 8-7129] Port S_AXI_AWID[26] in module axi_crossbar_v2_1_26_crossbar is either unconnected or has no load
WARNING: [Synth 8-7129] Port S_AXI_AWID[25] in module axi_crossbar_v2_1_26_crossbar is either unconnected or has no load
WARNING: [Synth 8-7129] Port S_AXI_AWID[24] in module axi_crossbar_v2_1_26_crossbar is either unconnected or has no load
WARNING: [Synth 8-7129] Port S_AXI_AWID[23] in module axi_crossbar_v2_1_26_crossbar is either unconnected or has no load
WARNING: [Synth 8-7129] Port S_AXI_AWID[22] in module axi_crossbar_v2_1_26_crossbar is either unconnected or has no load
WARNING: [Synth 8-7129] Port S_AXI_AWID[21] in module axi_crossbar_v2_1_26_crossbar is either unconnected or has no load
WARNING: [Synth 8-7129] Port S_AXI_AWID[20] in module axi_crossbar_v2_1_26_crossbar is either unconnected or has no load
WARNING: [Synth 8-7129] Port S_AXI_AWID[19] in module axi_crossbar_v2_1_26_crossbar is either unconnected or has no load
WARNING: [Synth 8-7129] Port S_AXI_AWID[18] in module axi_crossbar_v2_1_26_crossbar is either unconnected or has no load
WARNING: [Synth 8-7129] Port S_AXI_AWID[17] in module axi_crossbar_v2_1_26_crossbar is either unconnected or has no load
WARNING: [Synth 8-7129] Port S_AXI_AWID[16] in module axi_crossbar_v2_1_26_crossbar is either unconnected or has no load
WARNING: [Synth 8-7129] Port S_AXI_AWID[15] in module axi_crossbar_v2_1_26_crossbar is either unconnected or has no load
WARNING: [Synth 8-7129] Port S_AXI_AWID[14] in module axi_crossbar_v2_1_26_crossbar is either unconnected or has no load
WARNING: [Synth 8-7129] Port S_AXI_AWADDR[63] in module axi_crossbar_v2_1_26_crossbar is either unconnected or has no load
WARNING: [Synth 8-7129] Port S_AXI_AWADDR[62] in module axi_crossbar_v2_1_26_crossbar is either unconnected or has no load
WARNING: [Synth 8-7129] Port S_AXI_AWADDR[61] in module axi_crossbar_v2_1_26_crossbar is either unconnected or has no load
WARNING: [Synth 8-7129] Port S_AXI_AWADDR[60] in module axi_crossbar_v2_1_26_crossbar is either unconnected or has no load
WARNING: [Synth 8-7129] Port S_AXI_AWADDR[59] in module axi_crossbar_v2_1_26_crossbar is either unconnected or has no load
WARNING: [Synth 8-7129] Port S_AXI_AWADDR[58] in module axi_crossbar_v2_1_26_crossbar is either unconnected or has no load
WARNING: [Synth 8-7129] Port S_AXI_AWADDR[57] in module axi_crossbar_v2_1_26_crossbar is either unconnected or has no load
WARNING: [Synth 8-7129] Port S_AXI_AWADDR[56] in module axi_crossbar_v2_1_26_crossbar is either unconnected or has no load
WARNING: [Synth 8-7129] Port S_AXI_AWADDR[55] in module axi_crossbar_v2_1_26_crossbar is either unconnected or has no load
WARNING: [Synth 8-7129] Port S_AXI_AWADDR[54] in module axi_crossbar_v2_1_26_crossbar is either unconnected or has no load
WARNING: [Synth 8-7129] Port S_AXI_AWADDR[53] in module axi_crossbar_v2_1_26_crossbar is either unconnected or has no load
WARNING: [Synth 8-7129] Port S_AXI_AWADDR[52] in module axi_crossbar_v2_1_26_crossbar is either unconnected or has no load
WARNING: [Synth 8-7129] Port S_AXI_AWADDR[51] in module axi_crossbar_v2_1_26_crossbar is either unconnected or has no load
WARNING: [Synth 8-7129] Port S_AXI_AWADDR[50] in module axi_crossbar_v2_1_26_crossbar is either unconnected or has no load
WARNING: [Synth 8-7129] Port S_AXI_AWADDR[49] in module axi_crossbar_v2_1_26_crossbar is either unconnected or has no load
WARNING: [Synth 8-7129] Port S_AXI_AWADDR[48] in module axi_crossbar_v2_1_26_crossbar is either unconnected or has no load
WARNING: [Synth 8-7129] Port S_AXI_AWADDR[47] in module axi_crossbar_v2_1_26_crossbar is either unconnected or has no load
WARNING: [Synth 8-7129] Port S_AXI_AWADDR[46] in module axi_crossbar_v2_1_26_crossbar is either unconnected or has no load
INFO: [Common 17-14] Message 'Synth 8-7129' appears 100 times and further instances of the messages will be disabled. Use the Tcl command set_msg_config to change the current settings.
---------------------------------------------------------------------------------
Finished RTL Elaboration : Time (s): cpu = 00:00:09 ; elapsed = 00:00:12 . Memory (MB): peak = 2777.984 ; gain = 0.000 ; free physical = 2182 ; free virtual = 3160
---------------------------------------------------------------------------------
---------------------------------------------------------------------------------
Start Handling Custom Attributes
---------------------------------------------------------------------------------
---------------------------------------------------------------------------------
Finished Handling Custom Attributes : Time (s): cpu = 00:00:10 ; elapsed = 00:00:13 . Memory (MB): peak = 2777.984 ; gain = 0.000 ; free physical = 2354 ; free virtual = 3368
---------------------------------------------------------------------------------
---------------------------------------------------------------------------------
Finished RTL Optimization Phase 1 : Time (s): cpu = 00:00:10 ; elapsed = 00:00:13 . Memory (MB): peak = 2777.984 ; gain = 0.000 ; free physical = 2354 ; free virtual = 3369
---------------------------------------------------------------------------------
Netlist sorting complete. Time (s): cpu = 00:00:00.15 ; elapsed = 00:00:00.15 . Memory (MB): peak = 2777.984 ; gain = 0.000 ; free physical = 2953 ; free virtual = 4020
INFO: [Netlist 29-17] Analyzing 204 Unisim elements for replacement
INFO: [Netlist 29-28] Unisim Transformation completed in 0 CPU seconds
INFO: [Project 1-570] Preparing netlist for logic optimization

Processing XDC Constraints
Initializing timing engine
Parsing XDC File [/home/sam/git_workspace/contrast-adjustment-high-level-synthesis/contrast_adjustment_vivado/contrast_adjustment_vivado.gen/sources_1/bd/design_1/ip/design_1_xbar_0/design_1_xbar_0_ooc.xdc] for cell 'inst'
Finished Parsing XDC File [/home/sam/git_workspace/contrast-adjustment-high-level-synthesis/contrast_adjustment_vivado/contrast_adjustment_vivado.gen/sources_1/bd/design_1/ip/design_1_xbar_0/design_1_xbar_0_ooc.xdc] for cell 'inst'
Parsing XDC File [/home/sam/git_workspace/contrast-adjustment-high-level-synthesis/contrast_adjustment_vivado/contrast_adjustment_vivado.runs/design_1_xbar_0_synth_1/dont_touch.xdc]
Finished Parsing XDC File [/home/sam/git_workspace/contrast-adjustment-high-level-synthesis/contrast_adjustment_vivado/contrast_adjustment_vivado.runs/design_1_xbar_0_synth_1/dont_touch.xdc]
Completed Processing XDC Constraints

Netlist sorting complete. Time (s): cpu = 00:00:00 ; elapsed = 00:00:00 . Memory (MB): peak = 2878.695 ; gain = 0.000 ; free physical = 2602 ; free virtual = 3820
INFO: [Project 1-111] Unisim Transformation Summary:
No Unisim elements were transformed.

Constraint Validation Runtime : Time (s): cpu = 00:00:00.30 ; elapsed = 00:00:00.18 . Memory (MB): peak = 2878.695 ; gain = 0.000 ; free physical = 2580 ; free virtual = 3798
---------------------------------------------------------------------------------
Finished Constraint Validation : Time (s): cpu = 00:00:17 ; elapsed = 00:00:19 . Memory (MB): peak = 2878.695 ; gain = 100.711 ; free physical = 2103 ; free virtual = 3378
---------------------------------------------------------------------------------
---------------------------------------------------------------------------------
Start Loading Part and Timing Information
---------------------------------------------------------------------------------
Loading part: xc7z010clg400-1
---------------------------------------------------------------------------------
Finished Loading Part and Timing Information : Time (s): cpu = 00:00:17 ; elapsed = 00:00:19 . Memory (MB): peak = 2878.695 ; gain = 100.711 ; free physical = 2103 ; free virtual = 3378
---------------------------------------------------------------------------------
---------------------------------------------------------------------------------
Start Applying 'set_property' XDC Constraints
---------------------------------------------------------------------------------
Applied set_property KEEP_HIERARCHY = SOFT for inst. (constraint file  /home/sam/git_workspace/contrast-adjustment-high-level-synthesis/contrast_adjustment_vivado/contrast_adjustment_vivado.runs/design_1_xbar_0_synth_1/dont_touch.xdc, line 9).
---------------------------------------------------------------------------------
Finished applying 'set_property' XDC Constraints : Time (s): cpu = 00:00:17 ; elapsed = 00:00:20 . Memory (MB): peak = 2878.695 ; gain = 100.711 ; free physical = 2101 ; free virtual = 3376
---------------------------------------------------------------------------------
INFO: [Synth 8-802] inferred FSM for state register 'state_reg' in module 'axi_data_fifo_v2_1_24_axic_reg_srl_fifo'
INFO: [Synth 8-802] inferred FSM for state register 'state_reg' in module 'axi_data_fifo_v2_1_24_axic_reg_srl_fifo__parameterized0'
INFO: [Synth 8-802] inferred FSM for state register 'state_reg' in module 'axi_data_fifo_v2_1_24_axic_reg_srl_fifo__parameterized1'
INFO: [Synth 8-802] inferred FSM for state register 'state_reg' in module 'axi_data_fifo_v2_1_24_axic_reg_srl_fifo__parameterized2'
INFO: [Synth 8-802] inferred FSM for state register 'state_reg' in module 'axi_data_fifo_v2_1_24_axic_reg_srl_fifo__parameterized3'
INFO: [Synth 8-802] inferred FSM for state register 'state_reg' in module 'axi_data_fifo_v2_1_24_axic_reg_srl_fifo__parameterized4'
INFO: [Synth 8-802] inferred FSM for state register 'state_reg' in module 'axi_data_fifo_v2_1_24_axic_reg_srl_fifo__parameterized5'
INFO: [Synth 8-802] inferred FSM for state register 'gen_axi.write_cs_reg' in module 'axi_crossbar_v2_1_26_decerr_slave'
---------------------------------------------------------------------------------------------------
                   State |                     New Encoding |                Previous Encoding 
---------------------------------------------------------------------------------------------------
                    ZERO |                             1000 |                               10
                     ONE |                             0010 |                               11
                     TWO |                             0001 |                               01
                  iSTATE |                             0100 |                               00
---------------------------------------------------------------------------------------------------
INFO: [Synth 8-3354] encoded FSM with state register 'state_reg' using encoding 'one-hot' in module 'axi_data_fifo_v2_1_24_axic_reg_srl_fifo'
---------------------------------------------------------------------------------------------------
                   State |                     New Encoding |                Previous Encoding 
---------------------------------------------------------------------------------------------------
                    ZERO |                             1000 |                               10
                     ONE |                             0010 |                               11
                     TWO |                             0001 |                               01
                  iSTATE |                             0100 |                               00
---------------------------------------------------------------------------------------------------
INFO: [Synth 8-3354] encoded FSM with state register 'state_reg' using encoding 'one-hot' in module 'axi_data_fifo_v2_1_24_axic_reg_srl_fifo__parameterized0'
---------------------------------------------------------------------------------------------------
                   State |                     New Encoding |                Previous Encoding 
---------------------------------------------------------------------------------------------------
                    ZERO |                             1000 |                               10
                     ONE |                             0010 |                               11
                     TWO |                             0001 |                               01
                  iSTATE |                             0100 |                               00
---------------------------------------------------------------------------------------------------
INFO: [Synth 8-3354] encoded FSM with state register 'state_reg' using encoding 'one-hot' in module 'axi_data_fifo_v2_1_24_axic_reg_srl_fifo__parameterized1'
---------------------------------------------------------------------------------------------------
                   State |                     New Encoding |                Previous Encoding 
---------------------------------------------------------------------------------------------------
                    ZERO |                             1000 |                               10
                     ONE |                             0010 |                               11
                     TWO |                             0001 |                               01
                  iSTATE |                             0100 |                               00
---------------------------------------------------------------------------------------------------
INFO: [Synth 8-3354] encoded FSM with state register 'state_reg' using encoding 'one-hot' in module 'axi_data_fifo_v2_1_24_axic_reg_srl_fifo__parameterized2'
---------------------------------------------------------------------------------------------------
                   State |                     New Encoding |                Previous Encoding 
---------------------------------------------------------------------------------------------------
                    ZERO |                             1000 |                               10
                     ONE |                             0010 |                               11
                     TWO |                             0001 |                               01
                  iSTATE |                             0100 |                               00
---------------------------------------------------------------------------------------------------
INFO: [Synth 8-3354] encoded FSM with state register 'state_reg' using encoding 'one-hot' in module 'axi_data_fifo_v2_1_24_axic_reg_srl_fifo__parameterized3'
---------------------------------------------------------------------------------------------------
                   State |                     New Encoding |                Previous Encoding 
---------------------------------------------------------------------------------------------------
                    ZERO |                             1000 |                               10
                     ONE |                             0010 |                               11
                     TWO |                             0001 |                               01
                  iSTATE |                             0100 |                               00
---------------------------------------------------------------------------------------------------
INFO: [Synth 8-3354] encoded FSM with state register 'state_reg' using encoding 'one-hot' in module 'axi_data_fifo_v2_1_24_axic_reg_srl_fifo__parameterized4'
---------------------------------------------------------------------------------------------------
                   State |                     New Encoding |                Previous Encoding 
---------------------------------------------------------------------------------------------------
                    ZERO |                             1000 |                               10
                     ONE |                             0010 |                               11
                     TWO |                             0001 |                               01
                  iSTATE |                             0100 |                               00
---------------------------------------------------------------------------------------------------
INFO: [Synth 8-3354] encoded FSM with state register 'state_reg' using encoding 'one-hot' in module 'axi_data_fifo_v2_1_24_axic_reg_srl_fifo__parameterized5'
---------------------------------------------------------------------------------------------------
                   State |                     New Encoding |                Previous Encoding 
---------------------------------------------------------------------------------------------------
            P_WRITE_IDLE |                              001 |                               00
            P_WRITE_DATA |                              010 |                               01
            P_WRITE_RESP |                              100 |                               10
---------------------------------------------------------------------------------------------------
INFO: [Synth 8-3354] encoded FSM with state register 'gen_axi.write_cs_reg' using encoding 'one-hot' in module 'axi_crossbar_v2_1_26_decerr_slave'
---------------------------------------------------------------------------------
Finished RTL Optimization Phase 2 : Time (s): cpu = 00:00:19 ; elapsed = 00:00:22 . Memory (MB): peak = 2878.695 ; gain = 100.711 ; free physical = 197 ; free virtual = 1867
---------------------------------------------------------------------------------
---------------------------------------------------------------------------------
Start RTL Component Statistics 
---------------------------------------------------------------------------------
Detailed RTL Component Info : 
+---Adders : 
	   2 Input    8 Bit       Adders := 3     
	   2 Input    5 Bit       Adders := 6     
	   2 Input    4 Bit       Adders := 41    
	   2 Input    3 Bit       Adders := 8     
	   2 Input    2 Bit       Adders := 23    
	   2 Input    1 Bit       Adders := 4     
+---XORs : 
	   2 Input      1 Bit         XORs := 35    
+---Registers : 
	               77 Bit    Registers := 2     
	               49 Bit    Registers := 12    
	               16 Bit    Registers := 6     
	               14 Bit    Registers := 2     
	                8 Bit    Registers := 3     
	                6 Bit    Registers := 10    
	                5 Bit    Registers := 4     
	                4 Bit    Registers := 36    
	                3 Bit    Registers := 9     
	                2 Bit    Registers := 35    
	                1 Bit    Registers := 82    
+---Muxes : 
	   2 Input   64 Bit        Muxes := 16    
	   2 Input   50 Bit        Muxes := 3     
	   2 Input   49 Bit        Muxes := 12    
	   2 Input   48 Bit        Muxes := 12    
	   2 Input   18 Bit        Muxes := 3     
	   2 Input    8 Bit        Muxes := 1     
	   2 Input    6 Bit        Muxes := 6     
	   2 Input    5 Bit        Muxes := 8     
	   3 Input    4 Bit        Muxes := 25    
	   2 Input    4 Bit        Muxes := 38    
	   2 Input    3 Bit        Muxes := 9     
	   2 Input    2 Bit        Muxes := 74    
	   2 Input    1 Bit        Muxes := 169   
	   4 Input    1 Bit        Muxes := 27    
	   3 Input    1 Bit        Muxes := 9     
---------------------------------------------------------------------------------
Finished RTL Component Statistics 
---------------------------------------------------------------------------------
---------------------------------------------------------------------------------
Start Part Resource Summary
---------------------------------------------------------------------------------
Part Resources:
DSPs: 80 (col length:40)
BRAMs: 120 (col length: RAMB18 40 RAMB36 20)
---------------------------------------------------------------------------------
Finished Part Resource Summary
---------------------------------------------------------------------------------
---------------------------------------------------------------------------------
Start Cross Boundary and Area Optimization
---------------------------------------------------------------------------------
WARNING: [Synth 8-7080] Parallel synthesis criteria is not met
INFO: [Synth 8-3332] Sequential element (wrouter_aw_fifo/FSM_onehot_state_reg[2]) is unused and will be removed from module axi_crossbar_v2_1_26_wdata_router.
INFO: [Synth 8-3332] Sequential element (wrouter_aw_fifo/FSM_onehot_state_reg[2]) is unused and will be removed from module axi_crossbar_v2_1_26_wdata_router__parameterized0.
INFO: [Synth 8-3332] Sequential element (wrouter_aw_fifo/FSM_onehot_state_reg[2]) is unused and will be removed from module axi_crossbar_v2_1_26_wdata_router__parameterized1.
INFO: [Synth 8-3332] Sequential element (FSM_onehot_state_reg[2]) is unused and will be removed from module axi_data_fifo_v2_1_24_axic_reg_srl_fifo__parameterized2__1.
INFO: [Synth 8-3332] Sequential element (FSM_onehot_state_reg[2]) is unused and will be removed from module axi_data_fifo_v2_1_24_axic_reg_srl_fifo__parameterized2.
INFO: [Synth 8-3332] Sequential element (FSM_onehot_state_reg[2]) is unused and will be removed from module axi_data_fifo_v2_1_24_axic_reg_srl_fifo__parameterized3__1.
INFO: [Synth 8-3332] Sequential element (FSM_onehot_state_reg[2]) is unused and will be removed from module axi_data_fifo_v2_1_24_axic_reg_srl_fifo__parameterized4.
INFO: [Synth 8-3332] Sequential element (FSM_onehot_state_reg[2]) is unused and will be removed from module axi_data_fifo_v2_1_24_axic_reg_srl_fifo__parameterized3.
INFO: [Synth 8-3332] Sequential element (FSM_onehot_state_reg[2]) is unused and will be removed from module axi_data_fifo_v2_1_24_axic_reg_srl_fifo__parameterized5.
---------------------------------------------------------------------------------
Finished Cross Boundary and Area Optimization : Time (s): cpu = 00:00:28 ; elapsed = 00:00:31 . Memory (MB): peak = 2878.695 ; gain = 100.711 ; free physical = 3475 ; free virtual = 4514
---------------------------------------------------------------------------------
---------------------------------------------------------------------------------
Start Applying XDC Timing Constraints
---------------------------------------------------------------------------------
---------------------------------------------------------------------------------
Finished Applying XDC Timing Constraints : Time (s): cpu = 00:00:32 ; elapsed = 00:00:35 . Memory (MB): peak = 2878.695 ; gain = 100.711 ; free physical = 3152 ; free virtual = 4251
---------------------------------------------------------------------------------
---------------------------------------------------------------------------------
Start Timing Optimization
---------------------------------------------------------------------------------
---------------------------------------------------------------------------------
Finished Timing Optimization : Time (s): cpu = 00:00:35 ; elapsed = 00:00:38 . Memory (MB): peak = 2878.695 ; gain = 100.711 ; free physical = 1711 ; free virtual = 3126
---------------------------------------------------------------------------------
---------------------------------------------------------------------------------
Start Technology Mapping
---------------------------------------------------------------------------------
---------------------------------------------------------------------------------
Finished Technology Mapping : Time (s): cpu = 00:00:37 ; elapsed = 00:00:40 . Memory (MB): peak = 2878.695 ; gain = 100.711 ; free physical = 202 ; free virtual = 1749
---------------------------------------------------------------------------------
---------------------------------------------------------------------------------
Start IO Insertion
---------------------------------------------------------------------------------
---------------------------------------------------------------------------------
Start Flattening Before IO Insertion
---------------------------------------------------------------------------------
---------------------------------------------------------------------------------
Finished Flattening Before IO Insertion
---------------------------------------------------------------------------------
---------------------------------------------------------------------------------
Start Final Netlist Cleanup
---------------------------------------------------------------------------------
---------------------------------------------------------------------------------
Finished Final Netlist Cleanup
---------------------------------------------------------------------------------
---------------------------------------------------------------------------------
Finished IO Insertion : Time (s): cpu = 00:00:41 ; elapsed = 00:00:44 . Memory (MB): peak = 2878.695 ; gain = 100.711 ; free physical = 1872 ; free virtual = 3437
---------------------------------------------------------------------------------
---------------------------------------------------------------------------------
Start Renaming Generated Instances
---------------------------------------------------------------------------------
---------------------------------------------------------------------------------
Finished Renaming Generated Instances : Time (s): cpu = 00:00:41 ; elapsed = 00:00:44 . Memory (MB): peak = 2878.695 ; gain = 100.711 ; free physical = 1872 ; free virtual = 3437
---------------------------------------------------------------------------------
---------------------------------------------------------------------------------
Start Rebuilding User Hierarchy
---------------------------------------------------------------------------------
---------------------------------------------------------------------------------
Finished Rebuilding User Hierarchy : Time (s): cpu = 00:00:41 ; elapsed = 00:00:45 . Memory (MB): peak = 2878.695 ; gain = 100.711 ; free physical = 1870 ; free virtual = 3438
---------------------------------------------------------------------------------
---------------------------------------------------------------------------------
Start Renaming Generated Ports
---------------------------------------------------------------------------------
---------------------------------------------------------------------------------
Finished Renaming Generated Ports : Time (s): cpu = 00:00:41 ; elapsed = 00:00:45 . Memory (MB): peak = 2878.695 ; gain = 100.711 ; free physical = 1870 ; free virtual = 3438
---------------------------------------------------------------------------------
---------------------------------------------------------------------------------
Start Handling Custom Attributes
---------------------------------------------------------------------------------
---------------------------------------------------------------------------------
Finished Handling Custom Attributes : Time (s): cpu = 00:00:41 ; elapsed = 00:00:45 . Memory (MB): peak = 2878.695 ; gain = 100.711 ; free physical = 1870 ; free virtual = 3438
---------------------------------------------------------------------------------
---------------------------------------------------------------------------------
Start Renaming Generated Nets
---------------------------------------------------------------------------------
---------------------------------------------------------------------------------
Finished Renaming Generated Nets : Time (s): cpu = 00:00:41 ; elapsed = 00:00:45 . Memory (MB): peak = 2878.695 ; gain = 100.711 ; free physical = 1870 ; free virtual = 3438
---------------------------------------------------------------------------------
---------------------------------------------------------------------------------
Start Writing Synthesis Report
---------------------------------------------------------------------------------

Report BlackBoxes: 
+-+--------------+----------+
| |BlackBox name |Instances |
+-+--------------+----------+
+-+--------------+----------+

Report Cell Usage: 
+------+--------+------+
|      |Cell    |Count |
+------+--------+------+
|1     |CARRY4  |    32|
|2     |LUT1    |    40|
|3     |LUT2    |   132|
|4     |LUT3    |   462|
|5     |LUT4    |   168|
|6     |LUT5    |   471|
|7     |LUT6    |   573|
|8     |MUXF7   |   138|
|9     |SRLC32E |    24|
|10    |FDRE    |  1302|
|11    |FDSE    |    42|
+------+--------+------+
---------------------------------------------------------------------------------
Finished Writing Synthesis Report : Time (s): cpu = 00:00:41 ; elapsed = 00:00:45 . Memory (MB): peak = 2878.695 ; gain = 100.711 ; free physical = 1870 ; free virtual = 3438
---------------------------------------------------------------------------------
Synthesis finished with 0 errors, 0 critical warnings and 660 warnings.
Synthesis Optimization Runtime : Time (s): cpu = 00:00:38 ; elapsed = 00:00:42 . Memory (MB): peak = 2878.695 ; gain = 0.000 ; free physical = 1937 ; free virtual = 3505
Synthesis Optimization Complete : Time (s): cpu = 00:00:41 ; elapsed = 00:00:45 . Memory (MB): peak = 2878.695 ; gain = 100.711 ; free physical = 1937 ; free virtual = 3504
INFO: [Project 1-571] Translating synthesized netlist
Netlist sorting complete. Time (s): cpu = 00:00:00.05 ; elapsed = 00:00:00.05 . Memory (MB): peak = 2878.695 ; gain = 0.000 ; free physical = 2026 ; free virtual = 3595
INFO: [Netlist 29-17] Analyzing 170 Unisim elements for replacement
INFO: [Netlist 29-28] Unisim Transformation completed in 0 CPU seconds
INFO: [Project 1-570] Preparing netlist for logic optimization
INFO: [Opt 31-138] Pushed 0 inverter(s) to 0 load pin(s).
Netlist sorting complete. Time (s): cpu = 00:00:00 ; elapsed = 00:00:00 . Memory (MB): peak = 2878.695 ; gain = 0.000 ; free physical = 1965 ; free virtual = 3534
INFO: [Project 1-111] Unisim Transformation Summary:
No Unisim elements were transformed.

Synth Design complete, checksum: a2f35726
INFO: [Common 17-83] Releasing license: Synthesis
188 Infos, 159 Warnings, 0 Critical Warnings and 0 Errors encountered.
synth_design completed successfully
synth_design: Time (s): cpu = 00:00:51 ; elapsed = 00:00:49 . Memory (MB): peak = 2878.695 ; gain = 100.844 ; free physical = 2186 ; free virtual = 3754
INFO: [Common 17-1381] The checkpoint '/home/sam/git_workspace/contrast-adjustment-high-level-synthesis/contrast_adjustment_vivado/contrast_adjustment_vivado.runs/design_1_xbar_0_synth_1/design_1_xbar_0.dcp' has been generated.
INFO: [Coretcl 2-1648] Added synthesis output to IP cache for IP design_1_xbar_0, cache-ID = 0f946a5ebdd84351
INFO: [Coretcl 2-1174] Renamed 85 cell refs.
INFO: [Common 17-1381] The checkpoint '/home/sam/git_workspace/contrast-adjustment-high-level-synthesis/contrast_adjustment_vivado/contrast_adjustment_vivado.runs/design_1_xbar_0_synth_1/design_1_xbar_0.dcp' has been generated.
INFO: [runtcl-4] Executing : report_utilization -file design_1_xbar_0_utilization_synth.rpt -pb design_1_xbar_0_utilization_synth.pb
INFO: [Common 17-206] Exiting Vivado at Mon Mar  7 15:22:49 2022...
