

================================================================
== Vitis HLS Report for 'doContrast'
================================================================
* Date:           Mon Mar  7 14:25:29 2022

* Version:        2021.2 (Build 3367213 on Tue Oct 19 02:47:39 MDT 2021)
* Project:        doContrastIP
* Solution:       solution1 (Vivado IP Flow Target)
* Product family: zynq
* Target device:  xc7z010-clg400-1


================================================================
== Performance Estimates
================================================================
+ Timing: 
    * Summary: 
    +--------+----------+----------+------------+
    |  Clock |  Target  | Estimated| Uncertainty|
    +--------+----------+----------+------------+
    |ap_clk  |  10.00 ns|  6.413 ns|     2.70 ns|
    +--------+----------+----------+------------+

+ Latency: 
    * Summary: 
    +---------+---------+----------+----------+-------+-------+---------+
    |  Latency (cycles) |  Latency (absolute) |    Interval   | Pipeline|
    |   min   |   max   |    min   |    max   |  min  |  max  |   Type  |
    +---------+---------+----------+----------+-------+-------+---------+
    |    76838|    76838|  0.768 ms|  0.768 ms|  76839|  76839|       no|
    +---------+---------+----------+----------+-------+-------+---------+

    + Detail: 
        * Instance: 
        +-----------------------------------------------+-------------------------------------+---------+---------+----------+----------+-------+-------+---------+
        |                                               |                                     |  Latency (cycles) |  Latency (absolute) |    Interval   | Pipeline|
        |                    Instance                   |                Module               |   min   |   max   |    min   |    max   |  min  |  max  |   Type  |
        +-----------------------------------------------+-------------------------------------+---------+---------+----------+----------+-------+-------+---------+
        |grp_doContrast_Pipeline_VITIS_LOOP_18_1_fu_78  |doContrast_Pipeline_VITIS_LOOP_18_1  |    76829|    76829|  0.768 ms|  0.768 ms|  76829|  76829|       no|
        +-----------------------------------------------+-------------------------------------+---------+---------+----------+----------+-------+-------+---------+

        * Loop: 
        N/A

============================================================
+ Verbose Summary: Synthesis Manager
============================================================
InlineROM: 1
ExposeGlobal: 0
============================================================
+ Verbose Summary: CDFG Model
============================================================
IsTopModel: 1
ResetActiveHigh: 1
IsCombinational: 0
IsDatapathOnly: 0
HasWiredReturn: 1
HasMFsm: 0
HasVarLatency: 1
IsPipeline: 0
IsRtlPipelined: 0
IsInstanceOverlapped: 0
IsDontTouch: 0
HasImplIP: 0
IsGatedGlobalClock: 0


============================================================
+ Verbose Summary: Schedule
============================================================
* Number of FSM states : 10
* Pipeline : 0
* Dataflow Pipeline: 0

* FSM state transitions: 
1 --> 2 
2 --> 3 
3 --> 4 
4 --> 5 
5 --> 6 
6 --> 7 
7 --> 8 
8 --> 9 
9 --> 10 
10 --> 

* FSM state operations: 

State 1 <SV = 0> <Delay = 2.91>
ST_1 : Operation 11 [1/1] (1.00ns)   --->   "%xMax_read = read i8 @_ssdm_op_Read.s_axilite.i8, i8 %xMax" [doContrastIP/core.cpp:5]   --->   Operation 11 'read' 'xMax_read' <Predicate = true> <Delay = 1.00> <CoreInst = "s_axilite">   --->   Core 114 's_axilite' <Latency = 0> <II = 1> <Delay = 1.00> <Adapter> <Opcode : 'read' 'write'>
ST_1 : Operation 12 [1/1] (1.00ns)   --->   "%xMin_read = read i8 @_ssdm_op_Read.s_axilite.i8, i8 %xMin" [doContrastIP/core.cpp:5]   --->   Operation 12 'read' 'xMin_read' <Predicate = true> <Delay = 1.00> <CoreInst = "s_axilite">   --->   Core 114 's_axilite' <Latency = 0> <II = 1> <Delay = 1.00> <Adapter> <Opcode : 'read' 'write'>
ST_1 : Operation 13 [1/1] (0.00ns)   --->   "%zext_ln16 = zext i8 %xMax_read" [doContrastIP/core.cpp:16]   --->   Operation 13 'zext' 'zext_ln16' <Predicate = true> <Delay = 0.00>
ST_1 : Operation 14 [1/1] (0.00ns)   --->   "%zext_ln16_1 = zext i8 %xMin_read" [doContrastIP/core.cpp:16]   --->   Operation 14 'zext' 'zext_ln16_1' <Predicate = true> <Delay = 0.00>
ST_1 : Operation 15 [1/1] (1.91ns)   --->   "%sub_ln16 = sub i9 %zext_ln16, i9 %zext_ln16_1" [doContrastIP/core.cpp:16]   --->   Operation 15 'sub' 'sub_ln16' <Predicate = true> <Delay = 1.91> <CoreInst = "Adder">   --->   Core 1 'Adder' <Latency = 0> <II = 1> <Delay = 1.91> <FuncUnit> <Opcode : 'add' 'sub'> <InPorts = 2> <OutPorts = 1>

State 2 <SV = 1> <Delay = 6.41>
ST_2 : Operation 16 [1/1] (0.00ns)   --->   "%sext_ln16 = sext i9 %sub_ln16" [doContrastIP/core.cpp:16]   --->   Operation 16 'sext' 'sext_ln16' <Predicate = true> <Delay = 0.00>
ST_2 : Operation 17 [6/6] (6.41ns)   --->   "%histRange = sitofp i32 %sext_ln16" [doContrastIP/core.cpp:16]   --->   Operation 17 'sitofp' 'histRange' <Predicate = true> <Delay = 6.41> <CoreInst = "Int2Float">   --->   Core 62 'Int2Float' <Latency = 5> <II = 1> <Delay = 6.41> <FuncUnit> <Opcode : 'sitofp' 'uitofp'> <InPorts = 1> <OutPorts = 1>
ST_2 : Operation 18 [1/1] (0.00ns)   --->   "%empty = wait i32 @_ssdm_op_Wait"   --->   Operation 18 'wait' 'empty' <Predicate = true> <Delay = 0.00>

State 3 <SV = 2> <Delay = 6.41>
ST_3 : Operation 19 [5/6] (6.41ns)   --->   "%histRange = sitofp i32 %sext_ln16" [doContrastIP/core.cpp:16]   --->   Operation 19 'sitofp' 'histRange' <Predicate = true> <Delay = 6.41> <CoreInst = "Int2Float">   --->   Core 62 'Int2Float' <Latency = 5> <II = 1> <Delay = 6.41> <FuncUnit> <Opcode : 'sitofp' 'uitofp'> <InPorts = 1> <OutPorts = 1>

State 4 <SV = 3> <Delay = 6.41>
ST_4 : Operation 20 [4/6] (6.41ns)   --->   "%histRange = sitofp i32 %sext_ln16" [doContrastIP/core.cpp:16]   --->   Operation 20 'sitofp' 'histRange' <Predicate = true> <Delay = 6.41> <CoreInst = "Int2Float">   --->   Core 62 'Int2Float' <Latency = 5> <II = 1> <Delay = 6.41> <FuncUnit> <Opcode : 'sitofp' 'uitofp'> <InPorts = 1> <OutPorts = 1>

State 5 <SV = 4> <Delay = 6.41>
ST_5 : Operation 21 [3/6] (6.41ns)   --->   "%histRange = sitofp i32 %sext_ln16" [doContrastIP/core.cpp:16]   --->   Operation 21 'sitofp' 'histRange' <Predicate = true> <Delay = 6.41> <CoreInst = "Int2Float">   --->   Core 62 'Int2Float' <Latency = 5> <II = 1> <Delay = 6.41> <FuncUnit> <Opcode : 'sitofp' 'uitofp'> <InPorts = 1> <OutPorts = 1>

State 6 <SV = 5> <Delay = 6.41>
ST_6 : Operation 22 [2/6] (6.41ns)   --->   "%histRange = sitofp i32 %sext_ln16" [doContrastIP/core.cpp:16]   --->   Operation 22 'sitofp' 'histRange' <Predicate = true> <Delay = 6.41> <CoreInst = "Int2Float">   --->   Core 62 'Int2Float' <Latency = 5> <II = 1> <Delay = 6.41> <FuncUnit> <Opcode : 'sitofp' 'uitofp'> <InPorts = 1> <OutPorts = 1>

State 7 <SV = 6> <Delay = 6.41>
ST_7 : Operation 23 [1/6] (6.41ns)   --->   "%histRange = sitofp i32 %sext_ln16" [doContrastIP/core.cpp:16]   --->   Operation 23 'sitofp' 'histRange' <Predicate = true> <Delay = 6.41> <CoreInst = "Int2Float">   --->   Core 62 'Int2Float' <Latency = 5> <II = 1> <Delay = 6.41> <FuncUnit> <Opcode : 'sitofp' 'uitofp'> <InPorts = 1> <OutPorts = 1>

State 8 <SV = 7> <Delay = 1.91>
ST_8 : Operation 24 [2/2] (1.91ns)   --->   "%call_ln5 = call void @doContrast_Pipeline_VITIS_LOOP_18_1, i8 %inStream_V_data_V, i1 %inStream_V_keep_V, i1 %inStream_V_strb_V, i2 %inStream_V_user_V, i1 %inStream_V_last_V, i5 %inStream_V_id_V, i6 %inStream_V_dest_V, i8 %xMin_read, i32 %histRange, i8 %outStream_V_data_V, i1 %outStream_V_keep_V, i1 %outStream_V_strb_V, i2 %outStream_V_user_V, i1 %outStream_V_last_V, i5 %outStream_V_id_V, i6 %outStream_V_dest_V" [doContrastIP/core.cpp:5]   --->   Operation 24 'call' 'call_ln5' <Predicate = true> <Delay = 1.91> <CoreType = "Generic">   --->   Core 0 '' <Latency = 0> <II = 1> <Delay = 1.00> <Generic> <Opcode : >

State 9 <SV = 8> <Delay = 4.42>
ST_9 : Operation 25 [1/2] (4.42ns)   --->   "%call_ln5 = call void @doContrast_Pipeline_VITIS_LOOP_18_1, i8 %inStream_V_data_V, i1 %inStream_V_keep_V, i1 %inStream_V_strb_V, i2 %inStream_V_user_V, i1 %inStream_V_last_V, i5 %inStream_V_id_V, i6 %inStream_V_dest_V, i8 %xMin_read, i32 %histRange, i8 %outStream_V_data_V, i1 %outStream_V_keep_V, i1 %outStream_V_strb_V, i2 %outStream_V_user_V, i1 %outStream_V_last_V, i5 %outStream_V_id_V, i6 %outStream_V_dest_V" [doContrastIP/core.cpp:5]   --->   Operation 25 'call' 'call_ln5' <Predicate = true> <Delay = 4.42> <CoreType = "Generic">   --->   Core 0 '' <Latency = 0> <II = 1> <Delay = 1.00> <Generic> <Opcode : >

State 10 <SV = 9> <Delay = 0.00>
ST_10 : Operation 26 [1/1] (0.00ns)   --->   "%spectopmodule_ln0 = spectopmodule void @_ssdm_op_SpecTopModule, void @empty_7"   --->   Operation 26 'spectopmodule' 'spectopmodule_ln0' <Predicate = true> <Delay = 0.00>
ST_10 : Operation 27 [1/1] (0.00ns)   --->   "%specinterface_ln0 = specinterface void @_ssdm_op_SpecInterface, i8 %inStream_V_data_V, i1 %inStream_V_keep_V, i1 %inStream_V_strb_V, i2 %inStream_V_user_V, i1 %inStream_V_last_V, i5 %inStream_V_id_V, i6 %inStream_V_dest_V, void @empty, i32 1, i32 1, void @empty_0, i32 0, i32 0, void @empty_1, void @empty_1, void @empty_1, i32 0, i32 0, i32 0, i32 0, void @empty_1, void @empty_1"   --->   Operation 27 'specinterface' 'specinterface_ln0' <Predicate = true> <Delay = 0.00>
ST_10 : Operation 28 [1/1] (0.00ns)   --->   "%specbitsmap_ln0 = specbitsmap void @_ssdm_op_SpecBitsMap, i8 %inStream_V_data_V"   --->   Operation 28 'specbitsmap' 'specbitsmap_ln0' <Predicate = true> <Delay = 0.00>
ST_10 : Operation 29 [1/1] (0.00ns)   --->   "%specbitsmap_ln0 = specbitsmap void @_ssdm_op_SpecBitsMap, i1 %inStream_V_keep_V"   --->   Operation 29 'specbitsmap' 'specbitsmap_ln0' <Predicate = true> <Delay = 0.00>
ST_10 : Operation 30 [1/1] (0.00ns)   --->   "%specbitsmap_ln0 = specbitsmap void @_ssdm_op_SpecBitsMap, i1 %inStream_V_strb_V"   --->   Operation 30 'specbitsmap' 'specbitsmap_ln0' <Predicate = true> <Delay = 0.00>
ST_10 : Operation 31 [1/1] (0.00ns)   --->   "%specbitsmap_ln0 = specbitsmap void @_ssdm_op_SpecBitsMap, i2 %inStream_V_user_V"   --->   Operation 31 'specbitsmap' 'specbitsmap_ln0' <Predicate = true> <Delay = 0.00>
ST_10 : Operation 32 [1/1] (0.00ns)   --->   "%specbitsmap_ln0 = specbitsmap void @_ssdm_op_SpecBitsMap, i1 %inStream_V_last_V"   --->   Operation 32 'specbitsmap' 'specbitsmap_ln0' <Predicate = true> <Delay = 0.00>
ST_10 : Operation 33 [1/1] (0.00ns)   --->   "%specbitsmap_ln0 = specbitsmap void @_ssdm_op_SpecBitsMap, i5 %inStream_V_id_V"   --->   Operation 33 'specbitsmap' 'specbitsmap_ln0' <Predicate = true> <Delay = 0.00>
ST_10 : Operation 34 [1/1] (0.00ns)   --->   "%specbitsmap_ln0 = specbitsmap void @_ssdm_op_SpecBitsMap, i6 %inStream_V_dest_V"   --->   Operation 34 'specbitsmap' 'specbitsmap_ln0' <Predicate = true> <Delay = 0.00>
ST_10 : Operation 35 [1/1] (0.00ns)   --->   "%specinterface_ln0 = specinterface void @_ssdm_op_SpecInterface, i8 %outStream_V_data_V, i1 %outStream_V_keep_V, i1 %outStream_V_strb_V, i2 %outStream_V_user_V, i1 %outStream_V_last_V, i5 %outStream_V_id_V, i6 %outStream_V_dest_V, void @empty, i32 1, i32 1, void @empty_0, i32 0, i32 0, void @empty_1, void @empty_1, void @empty_1, i32 0, i32 0, i32 0, i32 0, void @empty_1, void @empty_1"   --->   Operation 35 'specinterface' 'specinterface_ln0' <Predicate = true> <Delay = 0.00>
ST_10 : Operation 36 [1/1] (0.00ns)   --->   "%specbitsmap_ln0 = specbitsmap void @_ssdm_op_SpecBitsMap, i8 %outStream_V_data_V"   --->   Operation 36 'specbitsmap' 'specbitsmap_ln0' <Predicate = true> <Delay = 0.00>
ST_10 : Operation 37 [1/1] (0.00ns)   --->   "%specbitsmap_ln0 = specbitsmap void @_ssdm_op_SpecBitsMap, i1 %outStream_V_keep_V"   --->   Operation 37 'specbitsmap' 'specbitsmap_ln0' <Predicate = true> <Delay = 0.00>
ST_10 : Operation 38 [1/1] (0.00ns)   --->   "%specbitsmap_ln0 = specbitsmap void @_ssdm_op_SpecBitsMap, i1 %outStream_V_strb_V"   --->   Operation 38 'specbitsmap' 'specbitsmap_ln0' <Predicate = true> <Delay = 0.00>
ST_10 : Operation 39 [1/1] (0.00ns)   --->   "%specbitsmap_ln0 = specbitsmap void @_ssdm_op_SpecBitsMap, i2 %outStream_V_user_V"   --->   Operation 39 'specbitsmap' 'specbitsmap_ln0' <Predicate = true> <Delay = 0.00>
ST_10 : Operation 40 [1/1] (0.00ns)   --->   "%specbitsmap_ln0 = specbitsmap void @_ssdm_op_SpecBitsMap, i1 %outStream_V_last_V"   --->   Operation 40 'specbitsmap' 'specbitsmap_ln0' <Predicate = true> <Delay = 0.00>
ST_10 : Operation 41 [1/1] (0.00ns)   --->   "%specbitsmap_ln0 = specbitsmap void @_ssdm_op_SpecBitsMap, i5 %outStream_V_id_V"   --->   Operation 41 'specbitsmap' 'specbitsmap_ln0' <Predicate = true> <Delay = 0.00>
ST_10 : Operation 42 [1/1] (0.00ns)   --->   "%specbitsmap_ln0 = specbitsmap void @_ssdm_op_SpecBitsMap, i6 %outStream_V_dest_V"   --->   Operation 42 'specbitsmap' 'specbitsmap_ln0' <Predicate = true> <Delay = 0.00>
ST_10 : Operation 43 [1/1] (0.00ns)   --->   "%specbitsmap_ln0 = specbitsmap void @_ssdm_op_SpecBitsMap, i8 %xMin"   --->   Operation 43 'specbitsmap' 'specbitsmap_ln0' <Predicate = true> <Delay = 0.00>
ST_10 : Operation 44 [1/1] (0.00ns)   --->   "%specinterface_ln0 = specinterface void @_ssdm_op_SpecInterface, i8 %xMin, void @empty_2, i32 0, i32 0, void @empty_1, i32 0, i32 0, void @empty_3, void @empty_4, void @empty_1, i32 0, i32 0, i32 0, i32 0, void @empty_1, void @empty_1"   --->   Operation 44 'specinterface' 'specinterface_ln0' <Predicate = true> <Delay = 0.00>
ST_10 : Operation 45 [1/1] (0.00ns)   --->   "%specinterface_ln0 = specinterface void @_ssdm_op_SpecInterface, i8 %xMin, void @empty_5, i32 0, i32 0, void @empty_1, i32 0, i32 0, void @empty_1, void @empty_1, void @empty_1, i32 0, i32 0, i32 0, i32 0, void @empty_1, void @empty_1"   --->   Operation 45 'specinterface' 'specinterface_ln0' <Predicate = true> <Delay = 0.00>
ST_10 : Operation 46 [1/1] (0.00ns)   --->   "%specbitsmap_ln0 = specbitsmap void @_ssdm_op_SpecBitsMap, i8 %xMax"   --->   Operation 46 'specbitsmap' 'specbitsmap_ln0' <Predicate = true> <Delay = 0.00>
ST_10 : Operation 47 [1/1] (0.00ns)   --->   "%specinterface_ln0 = specinterface void @_ssdm_op_SpecInterface, i8 %xMax, void @empty_2, i32 0, i32 0, void @empty_1, i32 0, i32 0, void @empty_3, void @empty_6, void @empty_1, i32 0, i32 0, i32 0, i32 0, void @empty_1, void @empty_1"   --->   Operation 47 'specinterface' 'specinterface_ln0' <Predicate = true> <Delay = 0.00>
ST_10 : Operation 48 [1/1] (0.00ns)   --->   "%specinterface_ln0 = specinterface void @_ssdm_op_SpecInterface, i8 %xMax, void @empty_5, i32 0, i32 0, void @empty_1, i32 0, i32 0, void @empty_1, void @empty_1, void @empty_1, i32 0, i32 0, i32 0, i32 0, void @empty_1, void @empty_1"   --->   Operation 48 'specinterface' 'specinterface_ln0' <Predicate = true> <Delay = 0.00>
ST_10 : Operation 49 [1/1] (0.00ns)   --->   "%specinterface_ln0 = specinterface void @_ssdm_op_SpecInterface, i32 0, void @empty_2, i32 0, i32 0, void @empty_1, i32 0, i32 0, void @empty_3, void @empty_1, void @empty_1, i32 0, i32 0, i32 0, i32 0, void @empty_1, void @empty_1"   --->   Operation 49 'specinterface' 'specinterface_ln0' <Predicate = true> <Delay = 0.00>
ST_10 : Operation 50 [1/1] (0.00ns)   --->   "%ret_ln45 = ret" [doContrastIP/core.cpp:45]   --->   Operation 50 'ret' 'ret_ln45' <Predicate = true> <Delay = 0.00>


============================================================
+ Verbose Summary: Binding
============================================================
STG Binding: 
---------------- STG Properties BEGIN ----------------
- Is combinational: 0
- Is one-state seq: 0
- Is datapath-only: 0
- Is pipelined: 0
- Is top level: 1
Port [ Return ] is wired: 1; IO mode=ap_ctrl_hs:ce=0
Port [ inStream_V_data_V]:  wired=1; compound=1; hidden=0; nouse=0; global=0; static=0; extern=0; dir=0; type=0; pingpong=0; private_global=0; IO mode=axis:ce=0
Port [ inStream_V_keep_V]:  wired=1; compound=1; hidden=0; nouse=0; global=0; static=0; extern=0; dir=0; type=0; pingpong=0; private_global=0; IO mode=axis:ce=0
Port [ inStream_V_strb_V]:  wired=1; compound=1; hidden=0; nouse=0; global=0; static=0; extern=0; dir=0; type=0; pingpong=0; private_global=0; IO mode=axis:ce=0
Port [ inStream_V_user_V]:  wired=1; compound=1; hidden=0; nouse=0; global=0; static=0; extern=0; dir=0; type=0; pingpong=0; private_global=0; IO mode=axis:ce=0
Port [ inStream_V_last_V]:  wired=1; compound=1; hidden=0; nouse=0; global=0; static=0; extern=0; dir=0; type=0; pingpong=0; private_global=0; IO mode=axis:ce=0
Port [ inStream_V_id_V]:  wired=1; compound=1; hidden=0; nouse=0; global=0; static=0; extern=0; dir=0; type=0; pingpong=0; private_global=0; IO mode=axis:ce=0
Port [ inStream_V_dest_V]:  wired=1; compound=1; hidden=0; nouse=0; global=0; static=0; extern=0; dir=0; type=0; pingpong=0; private_global=0; IO mode=axis:ce=0
Port [ outStream_V_data_V]:  wired=1; compound=1; hidden=0; nouse=0; global=0; static=0; extern=0; dir=1; type=0; pingpong=0; private_global=0; IO mode=axis:ce=0
Port [ outStream_V_keep_V]:  wired=1; compound=1; hidden=0; nouse=0; global=0; static=0; extern=0; dir=1; type=0; pingpong=0; private_global=0; IO mode=axis:ce=0
Port [ outStream_V_strb_V]:  wired=1; compound=1; hidden=0; nouse=0; global=0; static=0; extern=0; dir=1; type=0; pingpong=0; private_global=0; IO mode=axis:ce=0
Port [ outStream_V_user_V]:  wired=1; compound=1; hidden=0; nouse=0; global=0; static=0; extern=0; dir=1; type=0; pingpong=0; private_global=0; IO mode=axis:ce=0
Port [ outStream_V_last_V]:  wired=1; compound=1; hidden=0; nouse=0; global=0; static=0; extern=0; dir=1; type=0; pingpong=0; private_global=0; IO mode=axis:ce=0
Port [ outStream_V_id_V]:  wired=1; compound=1; hidden=0; nouse=0; global=0; static=0; extern=0; dir=1; type=0; pingpong=0; private_global=0; IO mode=axis:ce=0
Port [ outStream_V_dest_V]:  wired=1; compound=1; hidden=0; nouse=0; global=0; static=0; extern=0; dir=1; type=0; pingpong=0; private_global=0; IO mode=axis:ce=0
Port [ xMin]:  wired=1; compound=0; hidden=0; nouse=0; global=0; static=0; extern=0; dir=0; type=0; pingpong=0; private_global=0; IO mode=ap_none:ce=0
Port [ xMax]:  wired=1; compound=0; hidden=0; nouse=0; global=0; static=0; extern=0; dir=0; type=0; pingpong=0; private_global=0; IO mode=ap_none:ce=0
---------------- STG Properties END ------------------

---------------- Datapath Model BEGIN ----------------

<LifeTime>
<method=bitvector/>
xMax_read         (read         ) [ 00000000000]
xMin_read         (read         ) [ 00111111110]
zext_ln16         (zext         ) [ 00000000000]
zext_ln16_1       (zext         ) [ 00000000000]
sub_ln16          (sub          ) [ 00100000000]
sext_ln16         (sext         ) [ 00011111000]
empty             (wait         ) [ 00000000000]
histRange         (sitofp       ) [ 00000000110]
call_ln5          (call         ) [ 00000000000]
spectopmodule_ln0 (spectopmodule) [ 00000000000]
specinterface_ln0 (specinterface) [ 00000000000]
specbitsmap_ln0   (specbitsmap  ) [ 00000000000]
specbitsmap_ln0   (specbitsmap  ) [ 00000000000]
specbitsmap_ln0   (specbitsmap  ) [ 00000000000]
specbitsmap_ln0   (specbitsmap  ) [ 00000000000]
specbitsmap_ln0   (specbitsmap  ) [ 00000000000]
specbitsmap_ln0   (specbitsmap  ) [ 00000000000]
specbitsmap_ln0   (specbitsmap  ) [ 00000000000]
specinterface_ln0 (specinterface) [ 00000000000]
specbitsmap_ln0   (specbitsmap  ) [ 00000000000]
specbitsmap_ln0   (specbitsmap  ) [ 00000000000]
specbitsmap_ln0   (specbitsmap  ) [ 00000000000]
specbitsmap_ln0   (specbitsmap  ) [ 00000000000]
specbitsmap_ln0   (specbitsmap  ) [ 00000000000]
specbitsmap_ln0   (specbitsmap  ) [ 00000000000]
specbitsmap_ln0   (specbitsmap  ) [ 00000000000]
specbitsmap_ln0   (specbitsmap  ) [ 00000000000]
specinterface_ln0 (specinterface) [ 00000000000]
specinterface_ln0 (specinterface) [ 00000000000]
specbitsmap_ln0   (specbitsmap  ) [ 00000000000]
specinterface_ln0 (specinterface) [ 00000000000]
specinterface_ln0 (specinterface) [ 00000000000]
specinterface_ln0 (specinterface) [ 00000000000]
ret_ln45          (ret          ) [ 00000000000]
</LifeTime>

<model>

<comp_list>
<comp id="0" class="1000" name="inStream_V_data_V">
<pin_list>
<pin id="1" dir="1" index="0" bw="1" slack="0"/>
</pin_list>
<bind>
<StgValue><ssdm name="inStream_V_data_V"/></StgValue>
</bind>
</comp>

<comp id="2" class="1000" name="inStream_V_keep_V">
<pin_list>
<pin id="3" dir="1" index="0" bw="1" slack="0"/>
</pin_list>
<bind>
<StgValue><ssdm name="inStream_V_keep_V"/></StgValue>
</bind>
</comp>

<comp id="4" class="1000" name="inStream_V_strb_V">
<pin_list>
<pin id="5" dir="1" index="0" bw="1" slack="0"/>
</pin_list>
<bind>
<StgValue><ssdm name="inStream_V_strb_V"/></StgValue>
</bind>
</comp>

<comp id="6" class="1000" name="inStream_V_user_V">
<pin_list>
<pin id="7" dir="1" index="0" bw="1" slack="0"/>
</pin_list>
<bind>
<StgValue><ssdm name="inStream_V_user_V"/></StgValue>
</bind>
</comp>

<comp id="8" class="1000" name="inStream_V_last_V">
<pin_list>
<pin id="9" dir="1" index="0" bw="1" slack="0"/>
</pin_list>
<bind>
<StgValue><ssdm name="inStream_V_last_V"/></StgValue>
</bind>
</comp>

<comp id="10" class="1000" name="inStream_V_id_V">
<pin_list>
<pin id="11" dir="1" index="0" bw="1" slack="0"/>
</pin_list>
<bind>
<StgValue><ssdm name="inStream_V_id_V"/></StgValue>
</bind>
</comp>

<comp id="12" class="1000" name="inStream_V_dest_V">
<pin_list>
<pin id="13" dir="1" index="0" bw="1" slack="0"/>
</pin_list>
<bind>
<StgValue><ssdm name="inStream_V_dest_V"/></StgValue>
</bind>
</comp>

<comp id="14" class="1000" name="outStream_V_data_V">
<pin_list>
<pin id="15" dir="1" index="0" bw="1" slack="0"/>
</pin_list>
<bind>
<StgValue><ssdm name="outStream_V_data_V"/></StgValue>
</bind>
</comp>

<comp id="16" class="1000" name="outStream_V_keep_V">
<pin_list>
<pin id="17" dir="1" index="0" bw="1" slack="0"/>
</pin_list>
<bind>
<StgValue><ssdm name="outStream_V_keep_V"/></StgValue>
</bind>
</comp>

<comp id="18" class="1000" name="outStream_V_strb_V">
<pin_list>
<pin id="19" dir="1" index="0" bw="1" slack="0"/>
</pin_list>
<bind>
<StgValue><ssdm name="outStream_V_strb_V"/></StgValue>
</bind>
</comp>

<comp id="20" class="1000" name="outStream_V_user_V">
<pin_list>
<pin id="21" dir="1" index="0" bw="1" slack="0"/>
</pin_list>
<bind>
<StgValue><ssdm name="outStream_V_user_V"/></StgValue>
</bind>
</comp>

<comp id="22" class="1000" name="outStream_V_last_V">
<pin_list>
<pin id="23" dir="1" index="0" bw="1" slack="0"/>
</pin_list>
<bind>
<StgValue><ssdm name="outStream_V_last_V"/></StgValue>
</bind>
</comp>

<comp id="24" class="1000" name="outStream_V_id_V">
<pin_list>
<pin id="25" dir="1" index="0" bw="1" slack="0"/>
</pin_list>
<bind>
<StgValue><ssdm name="outStream_V_id_V"/></StgValue>
</bind>
</comp>

<comp id="26" class="1000" name="outStream_V_dest_V">
<pin_list>
<pin id="27" dir="1" index="0" bw="1" slack="0"/>
</pin_list>
<bind>
<StgValue><ssdm name="outStream_V_dest_V"/></StgValue>
</bind>
</comp>

<comp id="28" class="1000" name="xMin">
<pin_list>
<pin id="29" dir="1" index="0" bw="1" slack="0"/>
</pin_list>
<bind>
<StgValue><ssdm name="xMin"/></StgValue>
</bind>
</comp>

<comp id="30" class="1000" name="xMax">
<pin_list>
<pin id="31" dir="1" index="0" bw="1" slack="0"/>
</pin_list>
<bind>
<StgValue><ssdm name="xMax"/></StgValue>
</bind>
</comp>

<comp id="32" class="1001" name="const_32">
<pin_list>
<pin id="33" dir="1" index="0" bw="1" slack="0"/>
</pin_list>
<bind>
<StgValue><ssdm name="_ssdm_op_Read.s_axilite.i8"/></StgValue>
</bind>
</comp>

<comp id="34" class="1001" name="const_34">
<pin_list>
<pin id="35" dir="1" index="0" bw="1" slack="2147483647"/>
</pin_list>
<bind>
<StgValue><ssdm name="_ssdm_op_Wait"/></StgValue>
</bind>
</comp>

<comp id="36" class="1001" name="const_36">
<pin_list>
<pin id="37" dir="1" index="0" bw="1" slack="0"/>
</pin_list>
<bind>
<StgValue><ssdm name="doContrast_Pipeline_VITIS_LOOP_18_1"/></StgValue>
</bind>
</comp>

<comp id="38" class="1001" name="const_38">
<pin_list>
<pin id="39" dir="1" index="0" bw="1" slack="2147483647"/>
</pin_list>
<bind>
<StgValue><ssdm name="_ssdm_op_SpecTopModule"/></StgValue>
</bind>
</comp>

<comp id="40" class="1001" name="const_40">
<pin_list>
<pin id="41" dir="1" index="0" bw="1" slack="2147483647"/>
</pin_list>
<bind>
<StgValue><ssdm name="empty_7"/></StgValue>
</bind>
</comp>

<comp id="42" class="1001" name="const_42">
<pin_list>
<pin id="43" dir="1" index="0" bw="1" slack="2147483647"/>
</pin_list>
<bind>
<StgValue><ssdm name="_ssdm_op_SpecInterface"/></StgValue>
</bind>
</comp>

<comp id="44" class="1001" name="const_44">
<pin_list>
<pin id="45" dir="1" index="0" bw="1" slack="2147483647"/>
</pin_list>
<bind>
<StgValue><ssdm name="empty"/></StgValue>
</bind>
</comp>

<comp id="46" class="1001" name="const_46">
<pin_list>
<pin id="47" dir="1" index="0" bw="1" slack="2147483647"/>
</pin_list>
<bind>
<StgValue><ssdm name=""/></StgValue>
</bind>
</comp>

<comp id="48" class="1001" name="const_48">
<pin_list>
<pin id="49" dir="1" index="0" bw="1" slack="2147483647"/>
</pin_list>
<bind>
<StgValue><ssdm name="empty_0"/></StgValue>
</bind>
</comp>

<comp id="50" class="1001" name="const_50">
<pin_list>
<pin id="51" dir="1" index="0" bw="1" slack="2147483647"/>
</pin_list>
<bind>
<StgValue><ssdm name=""/></StgValue>
</bind>
</comp>

<comp id="52" class="1001" name="const_52">
<pin_list>
<pin id="53" dir="1" index="0" bw="1" slack="2147483647"/>
</pin_list>
<bind>
<StgValue><ssdm name="empty_1"/></StgValue>
</bind>
</comp>

<comp id="54" class="1001" name="const_54">
<pin_list>
<pin id="55" dir="1" index="0" bw="1" slack="2147483647"/>
</pin_list>
<bind>
<StgValue><ssdm name="_ssdm_op_SpecBitsMap"/></StgValue>
</bind>
</comp>

<comp id="56" class="1001" name="const_56">
<pin_list>
<pin id="57" dir="1" index="0" bw="1" slack="2147483647"/>
</pin_list>
<bind>
<StgValue><ssdm name="empty_2"/></StgValue>
</bind>
</comp>

<comp id="58" class="1001" name="const_58">
<pin_list>
<pin id="59" dir="1" index="0" bw="1" slack="2147483647"/>
</pin_list>
<bind>
<StgValue><ssdm name="empty_3"/></StgValue>
</bind>
</comp>

<comp id="60" class="1001" name="const_60">
<pin_list>
<pin id="61" dir="1" index="0" bw="1" slack="2147483647"/>
</pin_list>
<bind>
<StgValue><ssdm name="empty_4"/></StgValue>
</bind>
</comp>

<comp id="62" class="1001" name="const_62">
<pin_list>
<pin id="63" dir="1" index="0" bw="1" slack="2147483647"/>
</pin_list>
<bind>
<StgValue><ssdm name="empty_5"/></StgValue>
</bind>
</comp>

<comp id="64" class="1001" name="const_64">
<pin_list>
<pin id="65" dir="1" index="0" bw="1" slack="2147483647"/>
</pin_list>
<bind>
<StgValue><ssdm name="empty_6"/></StgValue>
</bind>
</comp>

<comp id="66" class="1004" name="xMax_read_read_fu_66">
<pin_list>
<pin id="67" dir="0" index="0" bw="8" slack="0"/>
<pin id="68" dir="0" index="1" bw="8" slack="0"/>
<pin id="69" dir="1" index="2" bw="8" slack="0"/>
</pin_list>
<bind>
<opcode="read(1150) " fcode="read"/>
<opset="xMax_read/1 "/>
</bind>
</comp>

<comp id="72" class="1004" name="xMin_read_read_fu_72">
<pin_list>
<pin id="73" dir="0" index="0" bw="8" slack="0"/>
<pin id="74" dir="0" index="1" bw="8" slack="0"/>
<pin id="75" dir="1" index="2" bw="8" slack="0"/>
</pin_list>
<bind>
<opcode="read(1150) " fcode="read"/>
<opset="xMin_read/1 "/>
</bind>
</comp>

<comp id="78" class="1004" name="grp_doContrast_Pipeline_VITIS_LOOP_18_1_fu_78">
<pin_list>
<pin id="79" dir="0" index="0" bw="0" slack="0"/>
<pin id="80" dir="0" index="1" bw="8" slack="0"/>
<pin id="81" dir="0" index="2" bw="1" slack="0"/>
<pin id="82" dir="0" index="3" bw="1" slack="0"/>
<pin id="83" dir="0" index="4" bw="2" slack="0"/>
<pin id="84" dir="0" index="5" bw="1" slack="0"/>
<pin id="85" dir="0" index="6" bw="5" slack="0"/>
<pin id="86" dir="0" index="7" bw="6" slack="0"/>
<pin id="87" dir="0" index="8" bw="8" slack="7"/>
<pin id="88" dir="0" index="9" bw="32" slack="1"/>
<pin id="89" dir="0" index="10" bw="8" slack="0"/>
<pin id="90" dir="0" index="11" bw="1" slack="0"/>
<pin id="91" dir="0" index="12" bw="1" slack="0"/>
<pin id="92" dir="0" index="13" bw="2" slack="0"/>
<pin id="93" dir="0" index="14" bw="1" slack="0"/>
<pin id="94" dir="0" index="15" bw="5" slack="0"/>
<pin id="95" dir="0" index="16" bw="6" slack="0"/>
<pin id="96" dir="1" index="17" bw="0" slack="2147483647"/>
</pin_list>
<bind>
<opcode="call(48) " fcode="call"/>
<opset="call_ln5/8 "/>
</bind>
</comp>

<comp id="112" class="1004" name="grp_fu_112">
<pin_list>
<pin id="113" dir="0" index="0" bw="9" slack="0"/>
<pin id="114" dir="1" index="1" bw="32" slack="1"/>
</pin_list>
<bind>
<opcode="sitofp(39) " fcode="sitofp"/>
<opset="histRange/2 "/>
</bind>
</comp>

<comp id="115" class="1004" name="zext_ln16_fu_115">
<pin_list>
<pin id="116" dir="0" index="0" bw="8" slack="0"/>
<pin id="117" dir="1" index="1" bw="9" slack="0"/>
</pin_list>
<bind>
<opcode="zext(34) " fcode="zext"/>
<opset="zext_ln16/1 "/>
</bind>
</comp>

<comp id="119" class="1004" name="zext_ln16_1_fu_119">
<pin_list>
<pin id="120" dir="0" index="0" bw="8" slack="0"/>
<pin id="121" dir="1" index="1" bw="9" slack="0"/>
</pin_list>
<bind>
<opcode="zext(34) " fcode="zext"/>
<opset="zext_ln16_1/1 "/>
</bind>
</comp>

<comp id="123" class="1004" name="sub_ln16_fu_123">
<pin_list>
<pin id="124" dir="0" index="0" bw="8" slack="0"/>
<pin id="125" dir="0" index="1" bw="8" slack="0"/>
<pin id="126" dir="1" index="2" bw="9" slack="1"/>
</pin_list>
<bind>
<opcode="sub(10) " fcode="sub"/>
<opset="sub_ln16/1 "/>
</bind>
</comp>

<comp id="129" class="1004" name="sext_ln16_fu_129">
<pin_list>
<pin id="130" dir="0" index="0" bw="9" slack="1"/>
<pin id="131" dir="1" index="1" bw="32" slack="0"/>
</pin_list>
<bind>
<opcode="sext(35) " fcode="sext"/>
<opset="sext_ln16/2 "/>
</bind>
</comp>

<comp id="133" class="1005" name="xMin_read_reg_133">
<pin_list>
<pin id="134" dir="0" index="0" bw="8" slack="7"/>
<pin id="135" dir="1" index="1" bw="8" slack="7"/>
</pin_list>
<bind>
<opset="xMin_read "/>
</bind>
</comp>

<comp id="138" class="1005" name="sub_ln16_reg_138">
<pin_list>
<pin id="139" dir="0" index="0" bw="9" slack="1"/>
<pin id="140" dir="1" index="1" bw="9" slack="1"/>
</pin_list>
<bind>
<opset="sub_ln16 "/>
</bind>
</comp>

<comp id="143" class="1005" name="sext_ln16_reg_143">
<pin_list>
<pin id="144" dir="0" index="0" bw="32" slack="1"/>
<pin id="145" dir="1" index="1" bw="32" slack="1"/>
</pin_list>
<bind>
<opset="sext_ln16 "/>
</bind>
</comp>

<comp id="148" class="1005" name="histRange_reg_148">
<pin_list>
<pin id="149" dir="0" index="0" bw="32" slack="1"/>
<pin id="150" dir="1" index="1" bw="32" slack="1"/>
</pin_list>
<bind>
<opset="histRange "/>
</bind>
</comp>

</comp_list>

<net_list>
<net id="70"><net_src comp="32" pin="0"/><net_sink comp="66" pin=0"/></net>

<net id="71"><net_src comp="30" pin="0"/><net_sink comp="66" pin=1"/></net>

<net id="76"><net_src comp="32" pin="0"/><net_sink comp="72" pin=0"/></net>

<net id="77"><net_src comp="28" pin="0"/><net_sink comp="72" pin=1"/></net>

<net id="97"><net_src comp="36" pin="0"/><net_sink comp="78" pin=0"/></net>

<net id="98"><net_src comp="0" pin="0"/><net_sink comp="78" pin=1"/></net>

<net id="99"><net_src comp="2" pin="0"/><net_sink comp="78" pin=2"/></net>

<net id="100"><net_src comp="4" pin="0"/><net_sink comp="78" pin=3"/></net>

<net id="101"><net_src comp="6" pin="0"/><net_sink comp="78" pin=4"/></net>

<net id="102"><net_src comp="8" pin="0"/><net_sink comp="78" pin=5"/></net>

<net id="103"><net_src comp="10" pin="0"/><net_sink comp="78" pin=6"/></net>

<net id="104"><net_src comp="12" pin="0"/><net_sink comp="78" pin=7"/></net>

<net id="105"><net_src comp="14" pin="0"/><net_sink comp="78" pin=10"/></net>

<net id="106"><net_src comp="16" pin="0"/><net_sink comp="78" pin=11"/></net>

<net id="107"><net_src comp="18" pin="0"/><net_sink comp="78" pin=12"/></net>

<net id="108"><net_src comp="20" pin="0"/><net_sink comp="78" pin=13"/></net>

<net id="109"><net_src comp="22" pin="0"/><net_sink comp="78" pin=14"/></net>

<net id="110"><net_src comp="24" pin="0"/><net_sink comp="78" pin=15"/></net>

<net id="111"><net_src comp="26" pin="0"/><net_sink comp="78" pin=16"/></net>

<net id="118"><net_src comp="66" pin="2"/><net_sink comp="115" pin=0"/></net>

<net id="122"><net_src comp="72" pin="2"/><net_sink comp="119" pin=0"/></net>

<net id="127"><net_src comp="115" pin="1"/><net_sink comp="123" pin=0"/></net>

<net id="128"><net_src comp="119" pin="1"/><net_sink comp="123" pin=1"/></net>

<net id="132"><net_src comp="129" pin="1"/><net_sink comp="112" pin=0"/></net>

<net id="136"><net_src comp="72" pin="2"/><net_sink comp="133" pin=0"/></net>

<net id="137"><net_src comp="133" pin="1"/><net_sink comp="78" pin=8"/></net>

<net id="141"><net_src comp="123" pin="2"/><net_sink comp="138" pin=0"/></net>

<net id="142"><net_src comp="138" pin="1"/><net_sink comp="129" pin=0"/></net>

<net id="146"><net_src comp="129" pin="1"/><net_sink comp="143" pin=0"/></net>

<net id="147"><net_src comp="143" pin="1"/><net_sink comp="112" pin=0"/></net>

<net id="151"><net_src comp="112" pin="1"/><net_sink comp="148" pin=0"/></net>

<net id="152"><net_src comp="148" pin="1"/><net_sink comp="78" pin=9"/></net>

</net_list>

</model> 
---------------- Datapath Model END ------------------

* FSMD analyzer results:
  - Output states:
	Port: outStream_V_data_V | {8 9 }
	Port: outStream_V_keep_V | {8 9 }
	Port: outStream_V_strb_V | {8 9 }
	Port: outStream_V_user_V | {8 9 }
	Port: outStream_V_last_V | {8 9 }
	Port: outStream_V_id_V | {8 9 }
	Port: outStream_V_dest_V | {8 9 }
 - Input state : 
	Port: doContrast : inStream_V_data_V | {8 9 }
	Port: doContrast : inStream_V_keep_V | {8 9 }
	Port: doContrast : inStream_V_strb_V | {8 9 }
	Port: doContrast : inStream_V_user_V | {8 9 }
	Port: doContrast : inStream_V_last_V | {8 9 }
	Port: doContrast : inStream_V_id_V | {8 9 }
	Port: doContrast : inStream_V_dest_V | {8 9 }
	Port: doContrast : xMin | {1 }
	Port: doContrast : xMax | {1 }
  - Chain level:
	State 1
		sub_ln16 : 1
	State 2
		histRange : 1
	State 3
	State 4
	State 5
	State 6
	State 7
	State 8
	State 9
	State 10


============================================================
+ Verbose Summary: Datapath Resource usage 
============================================================

* Functional unit list:
|----------|-----------------------------------------------|---------|---------|---------|---------|
| Operation|                Functional Unit                |   DSP   |  Delay  |    FF   |   LUT   |
|----------|-----------------------------------------------|---------|---------|---------|---------|
|   call   | grp_doContrast_Pipeline_VITIS_LOOP_18_1_fu_78 |    3    |  1.588  |   355   |   629   |
|----------|-----------------------------------------------|---------|---------|---------|---------|
|    sub   |                sub_ln16_fu_123                |    0    |    0    |    0    |    15   |
|----------|-----------------------------------------------|---------|---------|---------|---------|
|   read   |              xMax_read_read_fu_66             |    0    |    0    |    0    |    0    |
|          |              xMin_read_read_fu_72             |    0    |    0    |    0    |    0    |
|----------|-----------------------------------------------|---------|---------|---------|---------|
|  sitofp  |                   grp_fu_112                  |    0    |    0    |    0    |    0    |
|----------|-----------------------------------------------|---------|---------|---------|---------|
|   zext   |                zext_ln16_fu_115               |    0    |    0    |    0    |    0    |
|          |               zext_ln16_1_fu_119              |    0    |    0    |    0    |    0    |
|----------|-----------------------------------------------|---------|---------|---------|---------|
|   sext   |                sext_ln16_fu_129               |    0    |    0    |    0    |    0    |
|----------|-----------------------------------------------|---------|---------|---------|---------|
|   Total  |                                               |    3    |  1.588  |   355   |   644   |
|----------|-----------------------------------------------|---------|---------|---------|---------|

Memories:
N/A

* Register list:
+-----------------+--------+
|                 |   FF   |
+-----------------+--------+
|histRange_reg_148|   32   |
|sext_ln16_reg_143|   32   |
| sub_ln16_reg_138|    9   |
|xMin_read_reg_133|    8   |
+-----------------+--------+
|      Total      |   81   |
+-----------------+--------+

* Multiplexer (MUX) list: 
|------------|------|------|------|--------||---------||---------|
|    Comp    |  Pin | Size |  BW  | S x BW ||  Delay  ||   LUT   |
|------------|------|------|------|--------||---------||---------|
| grp_fu_112 |  p0  |   2  |   9  |   18   ||    9    |
|------------|------|------|------|--------||---------||---------|
|    Total   |      |      |      |   18   ||  1.588  ||    9    |
|------------|------|------|------|--------||---------||---------|



* Summary:
+-----------+--------+--------+--------+--------+
|           |   DSP  |  Delay |   FF   |   LUT  |
+-----------+--------+--------+--------+--------+
|  Function |    3   |    1   |   355  |   644  |
|   Memory  |    -   |    -   |    -   |    -   |
|Multiplexer|    -   |    1   |    -   |    9   |
|  Register |    -   |    -   |   81   |    -   |
+-----------+--------+--------+--------+--------+
|   Total   |    3   |    3   |   436  |   653  |
+-----------+--------+--------+--------+--------+
